FEKO.CSV  Version 7.0-391 from 2014-05-05 (FEKO Suite 7.0)
          PREFEKO Version 7.0-37 from 2014-05-02 [FEK: default 147; used 147] BINARY
          CADFEKO version 7.0-238289 (x64) from 2014-05-05                                
          Copyright (c) 1999-2014 EM Software & Systems-S.A. (Pty) Ltd
          Intel(R) MKL version 11.0.5 (build 20130612) on Intel(R) Core(TM) i7 Processor, Intel(R) 64 architecture (1 thread)
Computer: PC WIN64 EM64T MKL IMPI -- Matias-Notebook
          Microsoft Windows 7 Ultimate Edition  (Build 7600), Version 6.1.7600 x64 (SP 0.0)
          Intel(R) Core(TM) i5-3210M CPU @ 2.50GHz; GenuineIntel family 6 model 10 stepping 9 brand id 0
          1 physical CPU with a total of 4 processors found (multi-core CPU with max. 2 cores per physical CPU)
Threads:  OpenMP threading not used
Date:     2018-05-03 21:23:22                     
File:     antena_optimum
Memory:   Unlimited, system allows maximum usage of 1.855 GByte
          (for parallel runs memory limit is per process)
          (installed memory 3.905 GByte, thereof free 2.133 GByte)
MD5 Check:F36EBA7E11FF984E3879FDBD63310471
MD5 Total:6FAACE49A921590B50556F8DFC468C5C
Licence:  Nodelocked licence no. 5747-5593-1319592               

Number of parallel processes:     2 on 1 CPUs

Master process    0 on machine: Matias-Notebook                using 1 threads
Server process    1 on machine: Matias-Notebook                using 1 threads

 NOTE    38034: It was detected that HyperThreading is active on this system, you might consider disabling it to improve FEKOs performance
 NOTE    38034: It was detected that HyperThreading is active on this system, you might consider disabling it to improve FEKOs performance

          Surface of all triangles in m*m:     2.67171E-02

          Length of the segments in m:         2.44623E-01


                                DATA FOR MEMORY USAGE

 Number of metallic triangles:             500                                max. triangles:    MAXNDR    =      500
 Number of dielectric triangles:             0
 Number of aperture triangles:               0
 Number of GO triangles:                     0
 Number of windscreen triangles:             0
 Number of FEM surface triangles:            0
 Number of modal port triangles:             0
 Number of metallic segments:              105                                max. segments:     MAXNSEG   =      105
 Number of combined MoM/MTL segments:        0
 Number of dielectr./magnet. cuboids:        0                                max. cuboids:      MAXNQUA   =        0
 Number of tetrahedra:                       0                                max. tetrahedra:   MAXNTETRA =        0
 Number of edges in PO region:               0                                max. edges:        MAXPOKA   =        0
 Number of wedges in PO region:              0                                max. wedges:       MAXPOKL   =        0
 Number of Fock regions:                     0                                max. Fock regions: MAXFOGE   =        0
 Number of polygonal surfaces:               0                                max. surfaces:     MAXPOLYF  =        0
                                                                              max. corner pts.:  MAXPOLYP  =        0
 Number of UTD cylinders:                    0

 Number of metallic edges (MoM):           722  unknown:      722 (electr.)   max. edges:        MAXNKA    =      750
                                             0  unknown:        0 (magnet.)
 Number of metallic edges (PO):              0  unknown:        0 (electr.)
                                                unknown:        0 (magnet.)
 Number of dielectric edges (MoM):           0  unknown:        0 (electr.)
                                             0                  0 (magnet.)
 Number of dielectric edges (PO):            0  unknown:        0 (electr.)
                                                unknown:        0 (magnet.)
 Number of aperture edges (MoM):             0  unknown:        0 (magnet.) 
 Number of edges FEM/MoM surface:            0  unknown:        0 (electr.)
                                             0                  0 (magnet.)
 Number of nodes between segments:         106  unknown:      106             max. nodes:        MAXNKNO   =      168
 Number of connection points:                0  unknown:        0             max. conn.:        MAXNV     =      100
 Number of dielectric cuboids:               0  unknown:        0             max. cuboids:      MAXNQUA   =        0
 Number of magnetic cuboids:                 0  unknown:        0
 Number of dielectric faces (VEP):           0  unknown:        0
 Number of magnetic faces (VEP):             0  unknown:        0

 Number of basis funct. for MoM:           828  unknown:      828             max. basisf.       MAXNZEILE =     1018
 Number of basis funct. for PO:              0  unknown:        0             max. basisf.       MAXNKAPO  =        0

 Distributed storage of MoM matrix for parallel version

 read from input file:
PS       0    0    3    1    0 0.000E+00 0.000E+00 0.000E+00 0.000E+00 0.000E+00 0.000E+00 0.000E+00 0.000E+00
 read from input file:
CG      -1    0   -1    0    0 0.000E+00 0.000E+00 0.000E+00 0.000E+00-1.000E+00-1.000E+00 0.000E+00 0.000E+00
 read from input file:
DI       0    0   -1    0    0 1.000E+00 0.000E+00 0.000E+00 0.000E+00 0.000E+00 1.000E+03 0.000E+00 0.000E+00
 read from input file:
PW       0    0    0    0    0 0.000E+00 0.000E+00 0.000E+00 0.000E+00 0.000E+00 0.000E+00 0.000E+00 0.000E+00
 read from input file:
A1       0    2    1    0    0 1.000E+00 0.000E+00 0.000E+00 0.000E+00 0.000E+00 5.000E+01 0.000E+00 0.000E+00
 read from input file:
FR      17    0    0    0    0 2.000E+09 0.000E+00 2.800E+09 0.000E+00 0.000E+00 0.000E+00 0.000E+00 0.000E+00
 read from buffer:
NC       0    0    0    0    0 0.000E+00 0.000E+00 0.000E+00 0.000E+00 0.000E+00 0.000E+00 0.000E+00 0.000E+00
 read from buffer:
DA       0    0    0    0    0 0.000E+00 0.000E+00 0.000E+00 0.000E+00 0.000E+00 0.000E+00 0.000E+00 0.000E+00
 read from buffer:
OS       0    0    0    0    0 0.000E+00 0.000E+00 0.000E+00 0.000E+00 0.000E+00 0.000E+00 0.000E+00 0.000E+00
 
 
      ==============
      CONFIGURATION: StandardConfiguration1
      ==============


                              DATA FOR DIELECTRIC MEDIA

internal  relative     relative  conductivity   tan(delta)    tan(delta)    wavelength   mass density    volume     medium
index  permittivity permeability   in S/m       (electric)    (magnetic)       in m       in kg/m^3      in m^3
    0      1.00000      1.00000  0.00000E+00   0.00000E+00   0.00000E+00   1.49896E-01   1.00000E+03    infinite    0



                    EXCITATION BY VOLTAGE SOURCE AT SEGMENT

 Name:                        VoltageSource1
 Excitation index:            N = 1
 Frequency in Hz:             FREQ =    2.00000E+09
 Wavelength in m:             LAMBDA =  1.49896E-01
 Open circuit voltage in V:   |U0| =    1.00000E+00
 Phase in deg.:               ARG(U0) =        0.00
 Source at segment label:     ULA = Union1.Wire33.Port1
 Absolute number of segment:  UNR = 1
 Location of the excit. in m: X =  0.00000E+00
                              Y =  0.00000E+00
                              Z =  0.00000E+00
 Positive feed direction:     X =  0.00000E+00
                              Y =  1.00000E+00
                              Z =  0.00000E+00


                         DATA FOR THE GREEN'S FUNCTION

                                   free space


               All segments and triangles are perfectly conducting


                     READING SOLUTION COEFFICIENTS FROM FILE 

 The checksum indicates a change in the input file which might affect
 the validity of the *.str file
 NOTE    32313: The *.str file is not valid for the current solution (checksum mismatch)
 NOTE    34058: Reading a solution from a *.str file not possible (file will be deleted and newly created)


                    DISTRIBUTED STORAGE OF MATRIX

   Number of rows of the matrix             =            828
   Number of columns of the matrix          =            828
   Number of rows of the process grid       =              1
   Number of columns of the process grid    =              2
   Block size                               =            128
   Theoretical load in percent              =          93.24
   Number of rows of local matrix (proc. 0) =            828
   Number of columns of local mat.(proc. 0) =            444
   Local memory requirement for matrix      =         367632 complex numbers
   (corresponds to 2.805 MByte)

 Storage using single precision

 Memory requirement for MoM matrix:       828 rows *      828 columns =      685584 complex numbers
 For the MoM matrix, a memory of       367632 complex numbers is used (i.e. 2.805 MByte)

     Per process, 3.279 MByte of memory has been allocated dynamically,
     which corresponds to 6.559 MByte in total for all processes together
     (peak memory usage of 3.279 MByte per process so far)



               PRE-CONDITIONING OF THE LINEAR SET OF EQUATIONS

               Selected preconditioner algorithm: 1

     CPU time for preconditioning:       0.031 seconds


                    SOLUTION OF THE LINEAR SET OF EQUATIONS WITH SCALAGAU

               Condition number of the matrix:  3.13312E+03

               Floating point performance for LU decomposition:
                          1836.245 MFLOPS(SP) for CPU-time       0.827 seconds
                           918.123 MFLOPS(SP) per process
                          1836.245 MFLOPS(SP) for run-time       0.827 seconds
                           918.123 MFLOPS(SP) per process

     CPU time for solving the linear set of equations:       0.827 seconds


                         DATA OF THE VOLTAGE SOURCE NO. 1

                    real part  imag. part   magnitude       phase
 Current   in A    1.4085E-03  7.0220E-03  7.1619E-03       78.66
 Admitt.   in A/V  1.4085E-03  7.0220E-03  7.1619E-03       78.66
 Impedance in Ohm  2.7460E+01 -1.3690E+02  1.3963E+02      -78.66
 Capacitance in F  5.8128E-13

                                   Power in Watt: 7.04250E-04


                              SCATTERING PARAMETERS

       ports                                        magnitude          phase 
    sink source     real part   imag. part      linear      in dB     in deg.
 S     1      1   6.86927E-01 -5.53317E-01   8.82059E-01   -1.0900    -38.85
         Sum |S|^2 of these S-parameters:    7.78029E-01   -1.0900
         Reference impedance in Ohm:  5.00000E+01




                              SUMMARY OF LOSSES

          Metallic elements:                          0.0000E+00 W
          Dielectric:                                 0.0000E+00 W
          Mismatch at feed:                           0.0000E+00 W
          Non-radiating networks:                     0.0000E+00 W
          Cables:                                     0.0000E+00 W
          Backward power at passive waveguide ports:  0.0000E+00 W
          Backward power at passive modal ports:      0.0000E+00 W
                                                     -------------
                Sum of all losses:                    0.0000E+00 W

          Efficiency of the antenna:                    100.0000 %
          (based on a total active power:             7.0425E-04 W)

 read from buffer:
NC       0    0    0    0    0 0.000E+00 0.000E+00 0.000E+00 0.000E+00 0.000E+00 0.000E+00 0.000E+00 0.000E+00
 read from buffer:
DA       0    0    0    0    0 0.000E+00 0.000E+00 0.000E+00 0.000E+00 0.000E+00 0.000E+00 0.000E+00 0.000E+00
 read from buffer:
OS       0    0    0    0    0 0.000E+00 0.000E+00 0.000E+00 0.000E+00 0.000E+00 0.000E+00 0.000E+00 0.000E+00


                              DATA FOR DIELECTRIC MEDIA

internal  relative     relative  conductivity   tan(delta)    tan(delta)    wavelength   mass density    volume     medium
index  permittivity permeability   in S/m       (electric)    (magnetic)       in m       in kg/m^3      in m^3
    0      1.00000      1.00000  0.00000E+00   0.00000E+00   0.00000E+00   1.46240E-01   1.00000E+03    infinite    0



                    EXCITATION BY VOLTAGE SOURCE AT SEGMENT

 Name:                        VoltageSource1
 Excitation index:            N = 1
 Frequency in Hz:             FREQ =    2.05000E+09
 Wavelength in m:             LAMBDA =  1.46240E-01
 Open circuit voltage in V:   |U0| =    1.00000E+00
 Phase in deg.:               ARG(U0) =        0.00
 Source at segment label:     ULA = Union1.Wire33.Port1
 Absolute number of segment:  UNR = 1
 Location of the excit. in m: X =  0.00000E+00
                              Y =  0.00000E+00
                              Z =  0.00000E+00
 Positive feed direction:     X =  0.00000E+00
                              Y =  1.00000E+00
                              Z =  0.00000E+00


                         DATA FOR THE GREEN'S FUNCTION

                                   free space


               All segments and triangles are perfectly conducting


               PRE-CONDITIONING OF THE LINEAR SET OF EQUATIONS

               Selected preconditioner algorithm: 1

     CPU time for preconditioning:       0.016 seconds


                    SOLUTION OF THE LINEAR SET OF EQUATIONS WITH SCALAGAU

               Condition number of the matrix:  3.53832E+03

               Floating point performance for LU decomposition:
                    Not determined since computation time too short

     CPU time for solving the linear set of equations:       0.093 seconds


                         DATA OF THE VOLTAGE SOURCE NO. 1

                    real part  imag. part   magnitude       phase
 Current   in A    2.0381E-03  8.1185E-03  8.3704E-03       75.91
 Admitt.   in A/V  2.0381E-03  8.1185E-03  8.3704E-03       75.91
 Impedance in Ohm  2.9089E+01 -1.1587E+02  1.1947E+02      -75.91
 Capacitance in F  6.7001E-13

                                   Power in Watt: 1.01903E-03


                              SCATTERING PARAMETERS

       ports                                        magnitude          phase 
    sink source     real part   imag. part      linear      in dB     in deg.
 S     1      1   5.98161E-01 -5.88736E-01   8.39289E-01   -1.5218    -44.55
         Sum |S|^2 of these S-parameters:    7.04406E-01   -1.5218
         Reference impedance in Ohm:  5.00000E+01




                              SUMMARY OF LOSSES

          Metallic elements:                          0.0000E+00 W
          Dielectric:                                 0.0000E+00 W
          Mismatch at feed:                           0.0000E+00 W
          Non-radiating networks:                     0.0000E+00 W
          Cables:                                     0.0000E+00 W
          Backward power at passive waveguide ports:  0.0000E+00 W
          Backward power at passive modal ports:      0.0000E+00 W
                                                     -------------
                Sum of all losses:                    0.0000E+00 W

          Efficiency of the antenna:                    100.0000 %
          (based on a total active power:             1.0190E-03 W)

 read from buffer:
NC       0    0    0    0    0 0.000E+00 0.000E+00 0.000E+00 0.000E+00 0.000E+00 0.000E+00 0.000E+00 0.000E+00
 read from buffer:
DA       0    0    0    0    0 0.000E+00 0.000E+00 0.000E+00 0.000E+00 0.000E+00 0.000E+00 0.000E+00 0.000E+00
 read from buffer:
OS       0    0    0    0    0 0.000E+00 0.000E+00 0.000E+00 0.000E+00 0.000E+00 0.000E+00 0.000E+00 0.000E+00


                              DATA FOR DIELECTRIC MEDIA

internal  relative     relative  conductivity   tan(delta)    tan(delta)    wavelength   mass density    volume     medium
index  permittivity permeability   in S/m       (electric)    (magnetic)       in m       in kg/m^3      in m^3
    0      1.00000      1.00000  0.00000E+00   0.00000E+00   0.00000E+00   1.42758E-01   1.00000E+03    infinite    0



                    EXCITATION BY VOLTAGE SOURCE AT SEGMENT

 Name:                        VoltageSource1
 Excitation index:            N = 1
 Frequency in Hz:             FREQ =    2.10000E+09
 Wavelength in m:             LAMBDA =  1.42758E-01
 Open circuit voltage in V:   |U0| =    1.00000E+00
 Phase in deg.:               ARG(U0) =        0.00
 Source at segment label:     ULA = Union1.Wire33.Port1
 Absolute number of segment:  UNR = 1
 Location of the excit. in m: X =  0.00000E+00
                              Y =  0.00000E+00
                              Z =  0.00000E+00
 Positive feed direction:     X =  0.00000E+00
                              Y =  1.00000E+00
                              Z =  0.00000E+00


                         DATA FOR THE GREEN'S FUNCTION

                                   free space


               All segments and triangles are perfectly conducting


               PRE-CONDITIONING OF THE LINEAR SET OF EQUATIONS

               Selected preconditioner algorithm: 1

     CPU time for preconditioning:       0.016 seconds


                    SOLUTION OF THE LINEAR SET OF EQUATIONS WITH SCALAGAU

               Condition number of the matrix:  4.06412E+03

               Floating point performance for LU decomposition:
                    Not determined since computation time too short

     CPU time for solving the linear set of equations:       0.094 seconds


                         DATA OF THE VOLTAGE SOURCE NO. 1

                    real part  imag. part   magnitude       phase
 Current   in A    3.0158E-03  9.3985E-03  9.8705E-03       72.21
 Admitt.   in A/V  3.0158E-03  9.3985E-03  9.8705E-03       72.21
 Impedance in Ohm  3.0955E+01 -9.6467E+01  1.0131E+02      -72.21
 Capacitance in F  7.8564E-13

                                   Power in Watt: 1.50792E-03


                              SCATTERING PARAMETERS

       ports                                        magnitude          phase 
    sink source     real part   imag. part      linear      in dB     in deg.
 S     1      1   4.89553E-01 -6.08256E-01   7.80793E-01   -2.1493    -51.17
         Sum |S|^2 of these S-parameters:    6.09638E-01   -2.1493
         Reference impedance in Ohm:  5.00000E+01




                              SUMMARY OF LOSSES

          Metallic elements:                          0.0000E+00 W
          Dielectric:                                 0.0000E+00 W
          Mismatch at feed:                           0.0000E+00 W
          Non-radiating networks:                     0.0000E+00 W
          Cables:                                     0.0000E+00 W
          Backward power at passive waveguide ports:  0.0000E+00 W
          Backward power at passive modal ports:      0.0000E+00 W
                                                     -------------
                Sum of all losses:                    0.0000E+00 W

          Efficiency of the antenna:                    100.0000 %
          (based on a total active power:             1.5079E-03 W)

 read from buffer:
NC       0    0    0    0    0 0.000E+00 0.000E+00 0.000E+00 0.000E+00 0.000E+00 0.000E+00 0.000E+00 0.000E+00
 read from buffer:
DA       0    0    0    0    0 0.000E+00 0.000E+00 0.000E+00 0.000E+00 0.000E+00 0.000E+00 0.000E+00 0.000E+00
 read from buffer:
OS       0    0    0    0    0 0.000E+00 0.000E+00 0.000E+00 0.000E+00 0.000E+00 0.000E+00 0.000E+00 0.000E+00


                              DATA FOR DIELECTRIC MEDIA

internal  relative     relative  conductivity   tan(delta)    tan(delta)    wavelength   mass density    volume     medium
index  permittivity permeability   in S/m       (electric)    (magnetic)       in m       in kg/m^3      in m^3
    0      1.00000      1.00000  0.00000E+00   0.00000E+00   0.00000E+00   1.39438E-01   1.00000E+03    infinite    0



                    EXCITATION BY VOLTAGE SOURCE AT SEGMENT

 Name:                        VoltageSource1
 Excitation index:            N = 1
 Frequency in Hz:             FREQ =    2.15000E+09
 Wavelength in m:             LAMBDA =  1.39438E-01
 Open circuit voltage in V:   |U0| =    1.00000E+00
 Phase in deg.:               ARG(U0) =        0.00
 Source at segment label:     ULA = Union1.Wire33.Port1
 Absolute number of segment:  UNR = 1
 Location of the excit. in m: X =  0.00000E+00
                              Y =  0.00000E+00
                              Z =  0.00000E+00
 Positive feed direction:     X =  0.00000E+00
                              Y =  1.00000E+00
                              Z =  0.00000E+00


                         DATA FOR THE GREEN'S FUNCTION

                                   free space


               All segments and triangles are perfectly conducting


               PRE-CONDITIONING OF THE LINEAR SET OF EQUATIONS

               Selected preconditioner algorithm: 1

     CPU time for preconditioning:       0.031 seconds


                    SOLUTION OF THE LINEAR SET OF EQUATIONS WITH SCALAGAU

               Condition number of the matrix:  4.75115E+03

               Floating point performance for LU decomposition:
                    Not determined since computation time too short

     CPU time for solving the linear set of equations:       0.094 seconds


                         DATA OF THE VOLTAGE SOURCE NO. 1

                    real part  imag. part   magnitude       phase
 Current   in A    4.5725E-03  1.0834E-02  1.1759E-02       67.12
 Admitt.   in A/V  4.5725E-03  1.0834E-02  1.1759E-02       67.12
 Impedance in Ohm  3.3068E+01 -7.8349E+01  8.5041E+01      -67.12
 Capacitance in F  9.4482E-13

                                   Power in Watt: 2.28623E-03


                              SCATTERING PARAMETERS

       ports                                        magnitude          phase 
    sink source     real part   imag. part      linear      in dB     in deg.
 S     1      1   3.62918E-01 -6.00888E-01   7.01980E-01   -3.0735    -58.87
         Sum |S|^2 of these S-parameters:    4.92776E-01   -3.0735
         Reference impedance in Ohm:  5.00000E+01




                              SUMMARY OF LOSSES

          Metallic elements:                          0.0000E+00 W
          Dielectric:                                 0.0000E+00 W
          Mismatch at feed:                           0.0000E+00 W
          Non-radiating networks:                     0.0000E+00 W
          Cables:                                     0.0000E+00 W
          Backward power at passive waveguide ports:  0.0000E+00 W
          Backward power at passive modal ports:      0.0000E+00 W
                                                     -------------
                Sum of all losses:                    0.0000E+00 W

          Efficiency of the antenna:                    100.0000 %
          (based on a total active power:             2.2862E-03 W)

 read from buffer:
NC       0    0    0    0    0 0.000E+00 0.000E+00 0.000E+00 0.000E+00 0.000E+00 0.000E+00 0.000E+00 0.000E+00
 read from buffer:
DA       0    0    0    0    0 0.000E+00 0.000E+00 0.000E+00 0.000E+00 0.000E+00 0.000E+00 0.000E+00 0.000E+00
 read from buffer:
OS       0    0    0    0    0 0.000E+00 0.000E+00 0.000E+00 0.000E+00 0.000E+00 0.000E+00 0.000E+00 0.000E+00


                              DATA FOR DIELECTRIC MEDIA

internal  relative     relative  conductivity   tan(delta)    tan(delta)    wavelength   mass density    volume     medium
index  permittivity permeability   in S/m       (electric)    (magnetic)       in m       in kg/m^3      in m^3
    0      1.00000      1.00000  0.00000E+00   0.00000E+00   0.00000E+00   1.36269E-01   1.00000E+03    infinite    0



                    EXCITATION BY VOLTAGE SOURCE AT SEGMENT

 Name:                        VoltageSource1
 Excitation index:            N = 1
 Frequency in Hz:             FREQ =    2.20000E+09
 Wavelength in m:             LAMBDA =  1.36269E-01
 Open circuit voltage in V:   |U0| =    1.00000E+00
 Phase in deg.:               ARG(U0) =        0.00
 Source at segment label:     ULA = Union1.Wire33.Port1
 Absolute number of segment:  UNR = 1
 Location of the excit. in m: X =  0.00000E+00
                              Y =  0.00000E+00
                              Z =  0.00000E+00
 Positive feed direction:     X =  0.00000E+00
                              Y =  1.00000E+00
                              Z =  0.00000E+00


                         DATA FOR THE GREEN'S FUNCTION

                                   free space


               All segments and triangles are perfectly conducting


               PRE-CONDITIONING OF THE LINEAR SET OF EQUATIONS

               Selected preconditioner algorithm: 1

     CPU time for preconditioning:       0.016 seconds


                    SOLUTION OF THE LINEAR SET OF EQUATIONS WITH SCALAGAU

               Condition number of the matrix:  5.64186E+03

               Floating point performance for LU decomposition:
                    Not determined since computation time too short

     CPU time for solving the linear set of equations:       0.094 seconds


                         DATA OF THE VOLTAGE SOURCE NO. 1

                    real part  imag. part   magnitude       phase
 Current   in A    7.0785E-03  1.2231E-02  1.4131E-02       59.94
 Admitt.   in A/V  7.0785E-03  1.2231E-02  1.4131E-02       59.94
 Impedance in Ohm  3.5446E+01 -6.1247E+01  7.0764E+01      -59.94
 Capacitance in F  1.1812E-12

                                   Power in Watt: 3.53924E-03


                              SCATTERING PARAMETERS

       ports                                        magnitude          phase 
    sink source     real part   imag. part      linear      in dB     in deg.
 S     1      1   2.26886E-01 -5.54158E-01   5.98806E-01   -4.4543    -67.73
         Sum |S|^2 of these S-parameters:    3.58569E-01   -4.4543
         Reference impedance in Ohm:  5.00000E+01




                              SUMMARY OF LOSSES

          Metallic elements:                          0.0000E+00 W
          Dielectric:                                 0.0000E+00 W
          Mismatch at feed:                           0.0000E+00 W
          Non-radiating networks:                     0.0000E+00 W
          Cables:                                     0.0000E+00 W
          Backward power at passive waveguide ports:  0.0000E+00 W
          Backward power at passive modal ports:      0.0000E+00 W
                                                     -------------
                Sum of all losses:                    0.0000E+00 W

          Efficiency of the antenna:                    100.0000 %
          (based on a total active power:             3.5392E-03 W)

 read from buffer:
NC       0    0    0    0    0 0.000E+00 0.000E+00 0.000E+00 0.000E+00 0.000E+00 0.000E+00 0.000E+00 0.000E+00
 read from buffer:
DA       0    0    0    0    0 0.000E+00 0.000E+00 0.000E+00 0.000E+00 0.000E+00 0.000E+00 0.000E+00 0.000E+00
 read from buffer:
OS       0    0    0    0    0 0.000E+00 0.000E+00 0.000E+00 0.000E+00 0.000E+00 0.000E+00 0.000E+00 0.000E+00


                              DATA FOR DIELECTRIC MEDIA

internal  relative     relative  conductivity   tan(delta)    tan(delta)    wavelength   mass density    volume     medium
index  permittivity permeability   in S/m       (electric)    (magnetic)       in m       in kg/m^3      in m^3
    0      1.00000      1.00000  0.00000E+00   0.00000E+00   0.00000E+00   1.33241E-01   1.00000E+03    infinite    0



                    EXCITATION BY VOLTAGE SOURCE AT SEGMENT

 Name:                        VoltageSource1
 Excitation index:            N = 1
 Frequency in Hz:             FREQ =    2.25000E+09
 Wavelength in m:             LAMBDA =  1.33241E-01
 Open circuit voltage in V:   |U0| =    1.00000E+00
 Phase in deg.:               ARG(U0) =        0.00
 Source at segment label:     ULA = Union1.Wire33.Port1
 Absolute number of segment:  UNR = 1
 Location of the excit. in m: X =  0.00000E+00
                              Y =  0.00000E+00
                              Z =  0.00000E+00
 Positive feed direction:     X =  0.00000E+00
                              Y =  1.00000E+00
                              Z =  0.00000E+00


                         DATA FOR THE GREEN'S FUNCTION

                                   free space


               All segments and triangles are perfectly conducting


               PRE-CONDITIONING OF THE LINEAR SET OF EQUATIONS

               Selected preconditioner algorithm: 1

     CPU time for preconditioning:       0.016 seconds


                    SOLUTION OF THE LINEAR SET OF EQUATIONS WITH SCALAGAU

               Condition number of the matrix:  6.73772E+03

               Floating point performance for LU decomposition:
                    Not determined since computation time too short

     CPU time for solving the linear set of equations:       0.093 seconds


                         DATA OF THE VOLTAGE SOURCE NO. 1

                    real part  imag. part   magnitude       phase
 Current   in A    1.0979E-02  1.2941E-02  1.6971E-02       49.69
 Admitt.   in A/V  1.0979E-02  1.2941E-02  1.6971E-02       49.69
 Impedance in Ohm  3.8120E+01 -4.4934E+01  5.8926E+01      -49.69
 Capacitance in F  1.5742E-12

                                   Power in Watt: 5.48926E-03


                              SCATTERING PARAMETERS

       ports                                        magnitude          phase 
    sink source     real part   imag. part      linear      in dB     in deg.
 S     1      1   9.93673E-02 -4.59253E-01   4.69880E-01   -6.5603    -77.79
         Sum |S|^2 of these S-parameters:    2.20787E-01   -6.5603
         Reference impedance in Ohm:  5.00000E+01




                              SUMMARY OF LOSSES

          Metallic elements:                          0.0000E+00 W
          Dielectric:                                 0.0000E+00 W
          Mismatch at feed:                           0.0000E+00 W
          Non-radiating networks:                     0.0000E+00 W
          Cables:                                     0.0000E+00 W
          Backward power at passive waveguide ports:  0.0000E+00 W
          Backward power at passive modal ports:      0.0000E+00 W
                                                     -------------
                Sum of all losses:                    0.0000E+00 W

          Efficiency of the antenna:                    100.0000 %
          (based on a total active power:             5.4893E-03 W)

 read from buffer:
NC       0    0    0    0    0 0.000E+00 0.000E+00 0.000E+00 0.000E+00 0.000E+00 0.000E+00 0.000E+00 0.000E+00
 read from buffer:
DA       0    0    0    0    0 0.000E+00 0.000E+00 0.000E+00 0.000E+00 0.000E+00 0.000E+00 0.000E+00 0.000E+00
 read from buffer:
OS       0    0    0    0    0 0.000E+00 0.000E+00 0.000E+00 0.000E+00 0.000E+00 0.000E+00 0.000E+00 0.000E+00


                              DATA FOR DIELECTRIC MEDIA

internal  relative     relative  conductivity   tan(delta)    tan(delta)    wavelength   mass density    volume     medium
index  permittivity permeability   in S/m       (electric)    (magnetic)       in m       in kg/m^3      in m^3
    0      1.00000      1.00000  0.00000E+00   0.00000E+00   0.00000E+00   1.30345E-01   1.00000E+03    infinite    0



                    EXCITATION BY VOLTAGE SOURCE AT SEGMENT

 Name:                        VoltageSource1
 Excitation index:            N = 1
 Frequency in Hz:             FREQ =    2.30000E+09
 Wavelength in m:             LAMBDA =  1.30345E-01
 Open circuit voltage in V:   |U0| =    1.00000E+00
 Phase in deg.:               ARG(U0) =        0.00
 Source at segment label:     ULA = Union1.Wire33.Port1
 Absolute number of segment:  UNR = 1
 Location of the excit. in m: X =  0.00000E+00
                              Y =  0.00000E+00
                              Z =  0.00000E+00
 Positive feed direction:     X =  0.00000E+00
                              Y =  1.00000E+00
                              Z =  0.00000E+00


                         DATA FOR THE GREEN'S FUNCTION

                                   free space


               All segments and triangles are perfectly conducting


               PRE-CONDITIONING OF THE LINEAR SET OF EQUATIONS

               Selected preconditioner algorithm: 1

     CPU time for preconditioning:       0.016 seconds


                    SOLUTION OF THE LINEAR SET OF EQUATIONS WITH SCALAGAU

               Condition number of the matrix:  7.87104E+03

               Floating point performance for LU decomposition:
                    Not determined since computation time too short

     CPU time for solving the linear set of equations:       0.093 seconds


                         DATA OF THE VOLTAGE SOURCE NO. 1

                    real part  imag. part   magnitude       phase
 Current   in A    1.6161E-02  1.1475E-02  1.9820E-02       35.38
 Admitt.   in A/V  1.6161E-02  1.1475E-02  1.9820E-02       35.38
 Impedance in Ohm  4.1139E+01 -2.9210E+01  5.0454E+01      -35.38
 Capacitance in F  2.3690E-12

                                   Power in Watt: 8.08034E-03


                              SCATTERING PARAMETERS

       ports                                        magnitude          phase 
    sink source     real part   imag. part      linear      in dB     in deg.
 S     1      1   4.97905E-03 -3.18903E-01   3.18942E-01   -9.9258    -89.11
         Sum |S|^2 of these S-parameters:    1.01724E-01   -9.9258
         Reference impedance in Ohm:  5.00000E+01




                              SUMMARY OF LOSSES

          Metallic elements:                          0.0000E+00 W
          Dielectric:                                 0.0000E+00 W
          Mismatch at feed:                           0.0000E+00 W
          Non-radiating networks:                     0.0000E+00 W
          Cables:                                     0.0000E+00 W
          Backward power at passive waveguide ports:  0.0000E+00 W
          Backward power at passive modal ports:      0.0000E+00 W
                                                     -------------
                Sum of all losses:                    0.0000E+00 W

          Efficiency of the antenna:                    100.0000 %
          (based on a total active power:             8.0803E-03 W)

 read from buffer:
NC       0    0    0    0    0 0.000E+00 0.000E+00 0.000E+00 0.000E+00 0.000E+00 0.000E+00 0.000E+00 0.000E+00
 read from buffer:
DA       0    0    0    0    0 0.000E+00 0.000E+00 0.000E+00 0.000E+00 0.000E+00 0.000E+00 0.000E+00 0.000E+00
 read from buffer:
OS       0    0    0    0    0 0.000E+00 0.000E+00 0.000E+00 0.000E+00 0.000E+00 0.000E+00 0.000E+00 0.000E+00


                              DATA FOR DIELECTRIC MEDIA

internal  relative     relative  conductivity   tan(delta)    tan(delta)    wavelength   mass density    volume     medium
index  permittivity permeability   in S/m       (electric)    (magnetic)       in m       in kg/m^3      in m^3
    0      1.00000      1.00000  0.00000E+00   0.00000E+00   0.00000E+00   1.27571E-01   1.00000E+03    infinite    0



                    EXCITATION BY VOLTAGE SOURCE AT SEGMENT

 Name:                        VoltageSource1
 Excitation index:            N = 1
 Frequency in Hz:             FREQ =    2.35000E+09
 Wavelength in m:             LAMBDA =  1.27571E-01
 Open circuit voltage in V:   |U0| =    1.00000E+00
 Phase in deg.:               ARG(U0) =        0.00
 Source at segment label:     ULA = Union1.Wire33.Port1
 Absolute number of segment:  UNR = 1
 Location of the excit. in m: X =  0.00000E+00
                              Y =  0.00000E+00
                              Z =  0.00000E+00
 Positive feed direction:     X =  0.00000E+00
                              Y =  1.00000E+00
                              Z =  0.00000E+00


                         DATA FOR THE GREEN'S FUNCTION

                                   free space


               All segments and triangles are perfectly conducting


               PRE-CONDITIONING OF THE LINEAR SET OF EQUATIONS

               Selected preconditioner algorithm: 1

     CPU time for preconditioning:       0.015 seconds


                    SOLUTION OF THE LINEAR SET OF EQUATIONS WITH SCALAGAU

               Condition number of the matrix:  8.54982E+03

               Floating point performance for LU decomposition:
                    Not determined since computation time too short

     CPU time for solving the linear set of equations:       0.188 seconds


                         DATA OF THE VOLTAGE SOURCE NO. 1

                    real part  imag. part   magnitude       phase
 Current   in A    2.0444E-02  6.3751E-03  2.1415E-02       17.32
 Admitt.   in A/V  2.0444E-02  6.3751E-03  2.1415E-02       17.32
 Impedance in Ohm  4.4580E+01 -1.3902E+01  4.6697E+01      -17.32
 Capacitance in F  4.8718E-12

                                   Power in Watt: 1.02219E-02


                              SCATTERING PARAMETERS

       ports                                        magnitude          phase 
    sink source     real part   imag. part      linear      in dB     in deg.
 S     1      1  -3.49511E-02 -1.52119E-01   1.56083E-01  -16.1329   -102.94
         Sum |S|^2 of these S-parameters:    2.43619E-02  -16.1329
         Reference impedance in Ohm:  5.00000E+01




                              SUMMARY OF LOSSES

          Metallic elements:                          0.0000E+00 W
          Dielectric:                                 0.0000E+00 W
          Mismatch at feed:                           0.0000E+00 W
          Non-radiating networks:                     0.0000E+00 W
          Cables:                                     0.0000E+00 W
          Backward power at passive waveguide ports:  0.0000E+00 W
          Backward power at passive modal ports:      0.0000E+00 W
                                                     -------------
                Sum of all losses:                    0.0000E+00 W

          Efficiency of the antenna:                    100.0000 %
          (based on a total active power:             1.0222E-02 W)

 read from buffer:
NC       0    0    0    0    0 0.000E+00 0.000E+00 0.000E+00 0.000E+00 0.000E+00 0.000E+00 0.000E+00 0.000E+00
 read from buffer:
DA       0    0    0    0    0 0.000E+00 0.000E+00 0.000E+00 0.000E+00 0.000E+00 0.000E+00 0.000E+00 0.000E+00
 read from buffer:
OS       0    0    0    0    0 0.000E+00 0.000E+00 0.000E+00 0.000E+00 0.000E+00 0.000E+00 0.000E+00 0.000E+00


                              DATA FOR DIELECTRIC MEDIA

internal  relative     relative  conductivity   tan(delta)    tan(delta)    wavelength   mass density    volume     medium
index  permittivity permeability   in S/m       (electric)    (magnetic)       in m       in kg/m^3      in m^3
    0      1.00000      1.00000  0.00000E+00   0.00000E+00   0.00000E+00   1.24914E-01   1.00000E+03    infinite    0



                    EXCITATION BY VOLTAGE SOURCE AT SEGMENT

 Name:                        VoltageSource1
 Excitation index:            N = 1
 Frequency in Hz:             FREQ =    2.40000E+09
 Wavelength in m:             LAMBDA =  1.24914E-01
 Open circuit voltage in V:   |U0| =    1.00000E+00
 Phase in deg.:               ARG(U0) =        0.00
 Source at segment label:     ULA = Union1.Wire33.Port1
 Absolute number of segment:  UNR = 1
 Location of the excit. in m: X =  0.00000E+00
                              Y =  0.00000E+00
                              Z =  0.00000E+00
 Positive feed direction:     X =  0.00000E+00
                              Y =  1.00000E+00
                              Z =  0.00000E+00


                         DATA FOR THE GREEN'S FUNCTION

                                   free space


               All segments and triangles are perfectly conducting


               PRE-CONDITIONING OF THE LINEAR SET OF EQUATIONS

               Selected preconditioner algorithm: 1

     CPU time for preconditioning:       0.015 seconds


                    SOLUTION OF THE LINEAR SET OF EQUATIONS WITH SCALAGAU

               Condition number of the matrix:  8.29979E+03

               Floating point performance for LU decomposition:
                    Not determined since computation time too short

     CPU time for solving the linear set of equations:       0.094 seconds


                         DATA OF THE VOLTAGE SOURCE NO. 1

                    real part  imag. part   magnitude       phase
 Current   in A    2.0585E-02 -4.7513E-04  2.0591E-02       -1.32
 Admitt.   in A/V  2.0585E-02 -4.7513E-04  2.0591E-02       -1.32
 Impedance in Ohm  4.8553E+01  1.1207E+00  4.8566E+01        1.32
 Inductance  in H  7.4317E-11

                                   Power in Watt: 1.02925E-02


                              SCATTERING PARAMETERS

       ports                                        magnitude          phase 
    sink source     real part   imag. part      linear      in dB     in deg.
 S     1      1  -1.45509E-02  1.15368E-02   1.85695E-02  -34.6240    141.59
         Sum |S|^2 of these S-parameters:    3.44826E-04  -34.6240
         Reference impedance in Ohm:  5.00000E+01




                              SUMMARY OF LOSSES

          Metallic elements:                          0.0000E+00 W
          Dielectric:                                 0.0000E+00 W
          Mismatch at feed:                           0.0000E+00 W
          Non-radiating networks:                     0.0000E+00 W
          Cables:                                     0.0000E+00 W
          Backward power at passive waveguide ports:  0.0000E+00 W
          Backward power at passive modal ports:      0.0000E+00 W
                                                     -------------
                Sum of all losses:                    0.0000E+00 W

          Efficiency of the antenna:                    100.0000 %
          (based on a total active power:             1.0293E-02 W)

 read from buffer:
NC       0    0    0    0    0 0.000E+00 0.000E+00 0.000E+00 0.000E+00 0.000E+00 0.000E+00 0.000E+00 0.000E+00
 read from buffer:
DA       0    0    0    0    0 0.000E+00 0.000E+00 0.000E+00 0.000E+00 0.000E+00 0.000E+00 0.000E+00 0.000E+00
 read from buffer:
OS       0    0    0    0    0 0.000E+00 0.000E+00 0.000E+00 0.000E+00 0.000E+00 0.000E+00 0.000E+00 0.000E+00


                              DATA FOR DIELECTRIC MEDIA

internal  relative     relative  conductivity   tan(delta)    tan(delta)    wavelength   mass density    volume     medium
index  permittivity permeability   in S/m       (electric)    (magnetic)       in m       in kg/m^3      in m^3
    0      1.00000      1.00000  0.00000E+00   0.00000E+00   0.00000E+00   1.22364E-01   1.00000E+03    infinite    0



                    EXCITATION BY VOLTAGE SOURCE AT SEGMENT

 Name:                        VoltageSource1
 Excitation index:            N = 1
 Frequency in Hz:             FREQ =    2.45000E+09
 Wavelength in m:             LAMBDA =  1.22364E-01
 Open circuit voltage in V:   |U0| =    1.00000E+00
 Phase in deg.:               ARG(U0) =        0.00
 Source at segment label:     ULA = Union1.Wire33.Port1
 Absolute number of segment:  UNR = 1
 Location of the excit. in m: X =  0.00000E+00
                              Y =  0.00000E+00
                              Z =  0.00000E+00
 Positive feed direction:     X =  0.00000E+00
                              Y =  1.00000E+00
                              Z =  0.00000E+00


                         DATA FOR THE GREEN'S FUNCTION

                                   free space


               All segments and triangles are perfectly conducting


               PRE-CONDITIONING OF THE LINEAR SET OF EQUATIONS

               Selected preconditioner algorithm: 1

     CPU time for preconditioning:       0.031 seconds


                    SOLUTION OF THE LINEAR SET OF EQUATIONS WITH SCALAGAU

               Condition number of the matrix:  7.35365E+03

               Floating point performance for LU decomposition:
                    Not determined since computation time too short

     CPU time for solving the linear set of equations:       0.078 seconds


                         DATA OF THE VOLTAGE SOURCE NO. 1

                    real part  imag. part   magnitude       phase
 Current   in A    1.7251E-02 -5.1681E-03  1.8009E-02      -16.68
 Admitt.   in A/V  1.7251E-02 -5.1681E-03  1.8009E-02      -16.68
 Impedance in Ohm  5.3193E+01  1.5935E+01  5.5528E+01       16.68
 Inductance  in H  1.0352E-09

                                   Power in Watt: 8.62565E-03


                              SCATTERING PARAMETERS

       ports                                        magnitude          phase 
    sink source     real part   imag. part      linear      in dB     in deg.
 S     1      1   5.35107E-02  1.46160E-01   1.55647E-01  -16.1572     69.89
         Sum |S|^2 of these S-parameters:    2.42260E-02  -16.1572
         Reference impedance in Ohm:  5.00000E+01




                              SUMMARY OF LOSSES

          Metallic elements:                          0.0000E+00 W
          Dielectric:                                 0.0000E+00 W
          Mismatch at feed:                           0.0000E+00 W
          Non-radiating networks:                     0.0000E+00 W
          Cables:                                     0.0000E+00 W
          Backward power at passive waveguide ports:  0.0000E+00 W
          Backward power at passive modal ports:      0.0000E+00 W
                                                     -------------
                Sum of all losses:                    0.0000E+00 W

          Efficiency of the antenna:                    100.0000 %
          (based on a total active power:             8.6256E-03 W)

 read from buffer:
NC       0    0    0    0    0 0.000E+00 0.000E+00 0.000E+00 0.000E+00 0.000E+00 0.000E+00 0.000E+00 0.000E+00
 read from buffer:
DA       0    0    0    0    0 0.000E+00 0.000E+00 0.000E+00 0.000E+00 0.000E+00 0.000E+00 0.000E+00 0.000E+00
 read from buffer:
OS       0    0    0    0    0 0.000E+00 0.000E+00 0.000E+00 0.000E+00 0.000E+00 0.000E+00 0.000E+00 0.000E+00


                              DATA FOR DIELECTRIC MEDIA

internal  relative     relative  conductivity   tan(delta)    tan(delta)    wavelength   mass density    volume     medium
index  permittivity permeability   in S/m       (electric)    (magnetic)       in m       in kg/m^3      in m^3
    0      1.00000      1.00000  0.00000E+00   0.00000E+00   0.00000E+00   1.19917E-01   1.00000E+03    infinite    0



                    EXCITATION BY VOLTAGE SOURCE AT SEGMENT

 Name:                        VoltageSource1
 Excitation index:            N = 1
 Frequency in Hz:             FREQ =    2.50000E+09
 Wavelength in m:             LAMBDA =  1.19917E-01
 Open circuit voltage in V:   |U0| =    1.00000E+00
 Phase in deg.:               ARG(U0) =        0.00
 Source at segment label:     ULA = Union1.Wire33.Port1
 Absolute number of segment:  UNR = 1
 Location of the excit. in m: X =  0.00000E+00
                              Y =  0.00000E+00
                              Z =  0.00000E+00
 Positive feed direction:     X =  0.00000E+00
                              Y =  1.00000E+00
                              Z =  0.00000E+00


                         DATA FOR THE GREEN'S FUNCTION

                                   free space


               All segments and triangles are perfectly conducting


               PRE-CONDITIONING OF THE LINEAR SET OF EQUATIONS

               Selected preconditioner algorithm: 1

     CPU time for preconditioning:       0.015 seconds


                    SOLUTION OF THE LINEAR SET OF EQUATIONS WITH SCALAGAU

               Condition number of the matrix:  6.27279E+03

               Floating point performance for LU decomposition:
                    Not determined since computation time too short

     CPU time for solving the linear set of equations:       0.109 seconds


                         DATA OF THE VOLTAGE SOURCE NO. 1

                    real part  imag. part   magnitude       phase
 Current   in A    1.3411E-02 -6.9911E-03  1.5124E-02      -27.53
 Admitt.   in A/V  1.3411E-02 -6.9911E-03  1.5124E-02      -27.53
 Impedance in Ohm  5.8633E+01  3.0565E+01  6.6121E+01       27.53
 Inductance  in H  1.9458E-09

                                   Power in Watt: 6.70545E-03


                              SCATTERING PARAMETERS

       ports                                        magnitude          phase 
    sink source     real part   imag. part      linear      in dB     in deg.
 S     1      1   1.46994E-01  2.40005E-01   2.81442E-01  -11.0122     58.51
         Sum |S|^2 of these S-parameters:    7.92094E-02  -11.0122
         Reference impedance in Ohm:  5.00000E+01




                              SUMMARY OF LOSSES

          Metallic elements:                          0.0000E+00 W
          Dielectric:                                 0.0000E+00 W
          Mismatch at feed:                           0.0000E+00 W
          Non-radiating networks:                     0.0000E+00 W
          Cables:                                     0.0000E+00 W
          Backward power at passive waveguide ports:  0.0000E+00 W
          Backward power at passive modal ports:      0.0000E+00 W
                                                     -------------
                Sum of all losses:                    0.0000E+00 W

          Efficiency of the antenna:                    100.0000 %
          (based on a total active power:             6.7055E-03 W)

 read from buffer:
NC       0    0    0    0    0 0.000E+00 0.000E+00 0.000E+00 0.000E+00 0.000E+00 0.000E+00 0.000E+00 0.000E+00
 read from buffer:
DA       0    0    0    0    0 0.000E+00 0.000E+00 0.000E+00 0.000E+00 0.000E+00 0.000E+00 0.000E+00 0.000E+00
 read from buffer:
OS       0    0    0    0    0 0.000E+00 0.000E+00 0.000E+00 0.000E+00 0.000E+00 0.000E+00 0.000E+00 0.000E+00


                              DATA FOR DIELECTRIC MEDIA

internal  relative     relative  conductivity   tan(delta)    tan(delta)    wavelength   mass density    volume     medium
index  permittivity permeability   in S/m       (electric)    (magnetic)       in m       in kg/m^3      in m^3
    0      1.00000      1.00000  0.00000E+00   0.00000E+00   0.00000E+00   1.17566E-01   1.00000E+03    infinite    0



                    EXCITATION BY VOLTAGE SOURCE AT SEGMENT

 Name:                        VoltageSource1
 Excitation index:            N = 1
 Frequency in Hz:             FREQ =    2.55000E+09
 Wavelength in m:             LAMBDA =  1.17566E-01
 Open circuit voltage in V:   |U0| =    1.00000E+00
 Phase in deg.:               ARG(U0) =        0.00
 Source at segment label:     ULA = Union1.Wire33.Port1
 Absolute number of segment:  UNR = 1
 Location of the excit. in m: X =  0.00000E+00
                              Y =  0.00000E+00
                              Z =  0.00000E+00
 Positive feed direction:     X =  0.00000E+00
                              Y =  1.00000E+00
                              Z =  0.00000E+00


                         DATA FOR THE GREEN'S FUNCTION

                                   free space


               All segments and triangles are perfectly conducting


               PRE-CONDITIONING OF THE LINEAR SET OF EQUATIONS

               Selected preconditioner algorithm: 1

     CPU time for preconditioning:       0.031 seconds


                    SOLUTION OF THE LINEAR SET OF EQUATIONS WITH SCALAGAU

               Condition number of the matrix:  4.07902E+03

               Floating point performance for LU decomposition:
                    Not determined since computation time too short

     CPU time for solving the linear set of equations:       0.094 seconds


                         DATA OF THE VOLTAGE SOURCE NO. 1

                    real part  imag. part   magnitude       phase
 Current   in A    1.0403E-02 -7.2024E-03  1.2653E-02      -34.70
 Admitt.   in A/V  1.0403E-02 -7.2024E-03  1.2653E-02      -34.70
 Impedance in Ohm  6.4979E+01  4.4986E+01  7.9032E+01       34.70
 Inductance  in H  2.8078E-09

                                   Power in Watt: 5.20161E-03


                              SCATTERING PARAMETERS

       ports                                        magnitude          phase 
    sink source     real part   imag. part      linear      in dB     in deg.
 S     1      1   2.45740E-01  2.95111E-01   3.84029E-01   -8.3127     50.22
         Sum |S|^2 of these S-parameters:    1.47478E-01   -8.3127
         Reference impedance in Ohm:  5.00000E+01




                              SUMMARY OF LOSSES

          Metallic elements:                          0.0000E+00 W
          Dielectric:                                 0.0000E+00 W
          Mismatch at feed:                           0.0000E+00 W
          Non-radiating networks:                     0.0000E+00 W
          Cables:                                     0.0000E+00 W
          Backward power at passive waveguide ports:  0.0000E+00 W
          Backward power at passive modal ports:      0.0000E+00 W
                                                     -------------
                Sum of all losses:                    0.0000E+00 W

          Efficiency of the antenna:                    100.0000 %
          (based on a total active power:             5.2016E-03 W)

 read from buffer:
NC       0    0    0    0    0 0.000E+00 0.000E+00 0.000E+00 0.000E+00 0.000E+00 0.000E+00 0.000E+00 0.000E+00
 read from buffer:
DA       0    0    0    0    0 0.000E+00 0.000E+00 0.000E+00 0.000E+00 0.000E+00 0.000E+00 0.000E+00 0.000E+00
 read from buffer:
OS       0    0    0    0    0 0.000E+00 0.000E+00 0.000E+00 0.000E+00 0.000E+00 0.000E+00 0.000E+00 0.000E+00


                              DATA FOR DIELECTRIC MEDIA

internal  relative     relative  conductivity   tan(delta)    tan(delta)    wavelength   mass density    volume     medium
index  permittivity permeability   in S/m       (electric)    (magnetic)       in m       in kg/m^3      in m^3
    0      1.00000      1.00000  0.00000E+00   0.00000E+00   0.00000E+00   1.15305E-01   1.00000E+03    infinite    0



                    EXCITATION BY VOLTAGE SOURCE AT SEGMENT

 Name:                        VoltageSource1
 Excitation index:            N = 1
 Frequency in Hz:             FREQ =    2.60000E+09
 Wavelength in m:             LAMBDA =  1.15305E-01
 Open circuit voltage in V:   |U0| =    1.00000E+00
 Phase in deg.:               ARG(U0) =        0.00
 Source at segment label:     ULA = Union1.Wire33.Port1
 Absolute number of segment:  UNR = 1
 Location of the excit. in m: X =  0.00000E+00
                              Y =  0.00000E+00
                              Z =  0.00000E+00
 Positive feed direction:     X =  0.00000E+00
                              Y =  1.00000E+00
                              Z =  0.00000E+00


                         DATA FOR THE GREEN'S FUNCTION

                                   free space


               All segments and triangles are perfectly conducting


               PRE-CONDITIONING OF THE LINEAR SET OF EQUATIONS

               Selected preconditioner algorithm: 1

     CPU time for preconditioning:       0.032 seconds


                    SOLUTION OF THE LINEAR SET OF EQUATIONS WITH SCALAGAU

               Condition number of the matrix:  5.68472E+03

               Floating point performance for LU decomposition:
                    Not determined since computation time too short

     CPU time for solving the linear set of equations:       0.078 seconds


                         DATA OF THE VOLTAGE SOURCE NO. 1

                    real part  imag. part   magnitude       phase
 Current   in A    8.2824E-03 -6.7779E-03  1.0702E-02      -39.30
 Admitt.   in A/V  8.2824E-03 -6.7779E-03  1.0702E-02      -39.30
 Impedance in Ohm  7.2311E+01  5.9176E+01  9.3438E+01       39.30
 Inductance  in H  3.6224E-09

                                   Power in Watt: 4.14121E-03


                              SCATTERING PARAMETERS

       ports                                        magnitude          phase 
    sink source     real part   imag. part      linear      in dB     in deg.
 S     1      1   3.37490E-01  3.20532E-01   4.65446E-01   -6.6426     43.52
         Sum |S|^2 of these S-parameters:    2.16640E-01   -6.6426
         Reference impedance in Ohm:  5.00000E+01




                              SUMMARY OF LOSSES

          Metallic elements:                          0.0000E+00 W
          Dielectric:                                 0.0000E+00 W
          Mismatch at feed:                           0.0000E+00 W
          Non-radiating networks:                     0.0000E+00 W
          Cables:                                     0.0000E+00 W
          Backward power at passive waveguide ports:  0.0000E+00 W
          Backward power at passive modal ports:      0.0000E+00 W
                                                     -------------
                Sum of all losses:                    0.0000E+00 W

          Efficiency of the antenna:                    100.0000 %
          (based on a total active power:             4.1412E-03 W)

 read from buffer:
NC       0    0    0    0    0 0.000E+00 0.000E+00 0.000E+00 0.000E+00 0.000E+00 0.000E+00 0.000E+00 0.000E+00
 read from buffer:
DA       0    0    0    0    0 0.000E+00 0.000E+00 0.000E+00 0.000E+00 0.000E+00 0.000E+00 0.000E+00 0.000E+00
 read from buffer:
OS       0    0    0    0    0 0.000E+00 0.000E+00 0.000E+00 0.000E+00 0.000E+00 0.000E+00 0.000E+00 0.000E+00


                              DATA FOR DIELECTRIC MEDIA

internal  relative     relative  conductivity   tan(delta)    tan(delta)    wavelength   mass density    volume     medium
index  permittivity permeability   in S/m       (electric)    (magnetic)       in m       in kg/m^3      in m^3
    0      1.00000      1.00000  0.00000E+00   0.00000E+00   0.00000E+00   1.13129E-01   1.00000E+03    infinite    0



                    EXCITATION BY VOLTAGE SOURCE AT SEGMENT

 Name:                        VoltageSource1
 Excitation index:            N = 1
 Frequency in Hz:             FREQ =    2.65000E+09
 Wavelength in m:             LAMBDA =  1.13129E-01
 Open circuit voltage in V:   |U0| =    1.00000E+00
 Phase in deg.:               ARG(U0) =        0.00
 Source at segment label:     ULA = Union1.Wire33.Port1
 Absolute number of segment:  UNR = 1
 Location of the excit. in m: X =  0.00000E+00
                              Y =  0.00000E+00
                              Z =  0.00000E+00
 Positive feed direction:     X =  0.00000E+00
                              Y =  1.00000E+00
                              Z =  0.00000E+00


                         DATA FOR THE GREEN'S FUNCTION

                                   free space


               All segments and triangles are perfectly conducting


               PRE-CONDITIONING OF THE LINEAR SET OF EQUATIONS

               Selected preconditioner algorithm: 1

     CPU time for preconditioning:       0.031 seconds


                    SOLUTION OF THE LINEAR SET OF EQUATIONS WITH SCALAGAU

               Condition number of the matrix:  7.12904E+03

               Floating point performance for LU decomposition:
                    Not determined since computation time too short

     CPU time for solving the linear set of equations:       0.078 seconds


                         DATA OF THE VOLTAGE SOURCE NO. 1

                    real part  imag. part   magnitude       phase
 Current   in A    6.8056E-03 -6.1656E-03  9.1831E-03      -42.18
 Admitt.   in A/V  6.8056E-03 -6.1656E-03  9.1831E-03      -42.18
 Impedance in Ohm  8.0702E+01  7.3112E+01  1.0890E+02       42.18
 Inductance  in H  4.3910E-09

                                   Power in Watt: 3.40279E-03


                              SCATTERING PARAMETERS

       ports                                        magnitude          phase 
    sink source     real part   imag. part      linear      in dB     in deg.
 S     1      1   4.17248E-01  3.25981E-01   5.29490E-01   -5.5228     38.00
         Sum |S|^2 of these S-parameters:    2.80360E-01   -5.5228
         Reference impedance in Ohm:  5.00000E+01




                              SUMMARY OF LOSSES

          Metallic elements:                          0.0000E+00 W
          Dielectric:                                 0.0000E+00 W
          Mismatch at feed:                           0.0000E+00 W
          Non-radiating networks:                     0.0000E+00 W
          Cables:                                     0.0000E+00 W
          Backward power at passive waveguide ports:  0.0000E+00 W
          Backward power at passive modal ports:      0.0000E+00 W
                                                     -------------
                Sum of all losses:                    0.0000E+00 W

          Efficiency of the antenna:                    100.0000 %
          (based on a total active power:             3.4028E-03 W)

 read from buffer:
NC       0    0    0    0    0 0.000E+00 0.000E+00 0.000E+00 0.000E+00 0.000E+00 0.000E+00 0.000E+00 0.000E+00
 read from buffer:
DA       0    0    0    0    0 0.000E+00 0.000E+00 0.000E+00 0.000E+00 0.000E+00 0.000E+00 0.000E+00 0.000E+00
 read from buffer:
OS       0    0    0    0    0 0.000E+00 0.000E+00 0.000E+00 0.000E+00 0.000E+00 0.000E+00 0.000E+00 0.000E+00


                              DATA FOR DIELECTRIC MEDIA

internal  relative     relative  conductivity   tan(delta)    tan(delta)    wavelength   mass density    volume     medium
index  permittivity permeability   in S/m       (electric)    (magnetic)       in m       in kg/m^3      in m^3
    0      1.00000      1.00000  0.00000E+00   0.00000E+00   0.00000E+00   1.11034E-01   1.00000E+03    infinite    0



                    EXCITATION BY VOLTAGE SOURCE AT SEGMENT

 Name:                        VoltageSource1
 Excitation index:            N = 1
 Frequency in Hz:             FREQ =    2.70000E+09
 Wavelength in m:             LAMBDA =  1.11034E-01
 Open circuit voltage in V:   |U0| =    1.00000E+00
 Phase in deg.:               ARG(U0) =        0.00
 Source at segment label:     ULA = Union1.Wire33.Port1
 Absolute number of segment:  UNR = 1
 Location of the excit. in m: X =  0.00000E+00
                              Y =  0.00000E+00
                              Z =  0.00000E+00
 Positive feed direction:     X =  0.00000E+00
                              Y =  1.00000E+00
                              Z =  0.00000E+00


                         DATA FOR THE GREEN'S FUNCTION

                                   free space


               All segments and triangles are perfectly conducting


               PRE-CONDITIONING OF THE LINEAR SET OF EQUATIONS

               Selected preconditioner algorithm: 1

     CPU time for preconditioning:       0.016 seconds


                    SOLUTION OF THE LINEAR SET OF EQUATIONS WITH SCALAGAU

               Condition number of the matrix:  6.00442E+03

               Floating point performance for LU decomposition:
                    Not determined since computation time too short

     CPU time for solving the linear set of equations:       0.093 seconds


                         DATA OF THE VOLTAGE SOURCE NO. 1

                    real part  imag. part   magnitude       phase
 Current   in A    5.7563E-03 -5.5360E-03  7.9864E-03      -43.88
 Admitt.   in A/V  5.7563E-03 -5.5360E-03  7.9864E-03      -43.88
 Impedance in Ohm  9.0249E+01  8.6796E+01  1.2521E+02       43.88
 Inductance  in H  5.1163E-09

                                   Power in Watt: 2.87814E-03


                              SCATTERING PARAMETERS

       ports                                        magnitude          phase 
    sink source     real part   imag. part      linear      in dB     in deg.
 S     1      1   4.84441E-01  3.19063E-01   5.80072E-01   -4.7304     33.37
         Sum |S|^2 of these S-parameters:    3.36484E-01   -4.7304
         Reference impedance in Ohm:  5.00000E+01




                              SUMMARY OF LOSSES

          Metallic elements:                          0.0000E+00 W
          Dielectric:                                 0.0000E+00 W
          Mismatch at feed:                           0.0000E+00 W
          Non-radiating networks:                     0.0000E+00 W
          Cables:                                     0.0000E+00 W
          Backward power at passive waveguide ports:  0.0000E+00 W
          Backward power at passive modal ports:      0.0000E+00 W
                                                     -------------
                Sum of all losses:                    0.0000E+00 W

          Efficiency of the antenna:                    100.0000 %
          (based on a total active power:             2.8781E-03 W)

 read from buffer:
NC       0    0    0    0    0 0.000E+00 0.000E+00 0.000E+00 0.000E+00 0.000E+00 0.000E+00 0.000E+00 0.000E+00
 read from buffer:
DA       0    0    0    0    0 0.000E+00 0.000E+00 0.000E+00 0.000E+00 0.000E+00 0.000E+00 0.000E+00 0.000E+00
 read from buffer:
OS       0    0    0    0    0 0.000E+00 0.000E+00 0.000E+00 0.000E+00 0.000E+00 0.000E+00 0.000E+00 0.000E+00


                              DATA FOR DIELECTRIC MEDIA

internal  relative     relative  conductivity   tan(delta)    tan(delta)    wavelength   mass density    volume     medium
index  permittivity permeability   in S/m       (electric)    (magnetic)       in m       in kg/m^3      in m^3
    0      1.00000      1.00000  0.00000E+00   0.00000E+00   0.00000E+00   1.09015E-01   1.00000E+03    infinite    0



                    EXCITATION BY VOLTAGE SOURCE AT SEGMENT

 Name:                        VoltageSource1
 Excitation index:            N = 1
 Frequency in Hz:             FREQ =    2.75000E+09
 Wavelength in m:             LAMBDA =  1.09015E-01
 Open circuit voltage in V:   |U0| =    1.00000E+00
 Phase in deg.:               ARG(U0) =        0.00
 Source at segment label:     ULA = Union1.Wire33.Port1
 Absolute number of segment:  UNR = 1
 Location of the excit. in m: X =  0.00000E+00
                              Y =  0.00000E+00
                              Z =  0.00000E+00
 Positive feed direction:     X =  0.00000E+00
                              Y =  1.00000E+00
                              Z =  0.00000E+00


                         DATA FOR THE GREEN'S FUNCTION

                                   free space


               All segments and triangles are perfectly conducting


               PRE-CONDITIONING OF THE LINEAR SET OF EQUATIONS

               Selected preconditioner algorithm: 1

     CPU time for preconditioning:       0.016 seconds


                    SOLUTION OF THE LINEAR SET OF EQUATIONS WITH SCALAGAU

               Condition number of the matrix:  6.05822E+03

               Floating point performance for LU decomposition:
                    Not determined since computation time too short

     CPU time for solving the linear set of equations:       0.094 seconds


                         DATA OF THE VOLTAGE SOURCE NO. 1

                    real part  imag. part   magnitude       phase
 Current   in A    4.9889E-03 -4.9455E-03  7.0248E-03      -44.75
 Admitt.   in A/V  4.9889E-03 -4.9455E-03  7.0248E-03      -44.75
 Impedance in Ohm  1.0110E+02  1.0022E+02  1.4235E+02       44.75
 Inductance  in H  5.8001E-09

                                   Power in Watt: 2.49445E-03


                              SCATTERING PARAMETERS

       ports                                        magnitude          phase 
    sink source     real part   imag. part      linear      in dB     in deg.
 S     1      1   5.40377E-01  3.04854E-01   6.20438E-01   -4.1460     29.43
         Sum |S|^2 of these S-parameters:    3.84943E-01   -4.1460
         Reference impedance in Ohm:  5.00000E+01




                              SUMMARY OF LOSSES

          Metallic elements:                          0.0000E+00 W
          Dielectric:                                 0.0000E+00 W
          Mismatch at feed:                           0.0000E+00 W
          Non-radiating networks:                     0.0000E+00 W
          Cables:                                     0.0000E+00 W
          Backward power at passive waveguide ports:  0.0000E+00 W
          Backward power at passive modal ports:      0.0000E+00 W
                                                     -------------
                Sum of all losses:                    0.0000E+00 W

          Efficiency of the antenna:                    100.0000 %
          (based on a total active power:             2.4945E-03 W)

 read from buffer:
NC       0    0    0    0    0 0.000E+00 0.000E+00 0.000E+00 0.000E+00 0.000E+00 0.000E+00 0.000E+00 0.000E+00
 read from buffer:
DA       0    0    0    0    0 0.000E+00 0.000E+00 0.000E+00 0.000E+00 0.000E+00 0.000E+00 0.000E+00 0.000E+00
 read from buffer:
OS       0    0    0    0    0 0.000E+00 0.000E+00 0.000E+00 0.000E+00 0.000E+00 0.000E+00 0.000E+00 0.000E+00


                              DATA FOR DIELECTRIC MEDIA

internal  relative     relative  conductivity   tan(delta)    tan(delta)    wavelength   mass density    volume     medium
index  permittivity permeability   in S/m       (electric)    (magnetic)       in m       in kg/m^3      in m^3
    0      1.00000      1.00000  0.00000E+00   0.00000E+00   0.00000E+00   1.07069E-01   1.00000E+03    infinite    0



                    EXCITATION BY VOLTAGE SOURCE AT SEGMENT

 Name:                        VoltageSource1
 Excitation index:            N = 1
 Frequency in Hz:             FREQ =    2.80000E+09
 Wavelength in m:             LAMBDA =  1.07069E-01
 Open circuit voltage in V:   |U0| =    1.00000E+00
 Phase in deg.:               ARG(U0) =        0.00
 Source at segment label:     ULA = Union1.Wire33.Port1
 Absolute number of segment:  UNR = 1
 Location of the excit. in m: X =  0.00000E+00
                              Y =  0.00000E+00
                              Z =  0.00000E+00
 Positive feed direction:     X =  0.00000E+00
                              Y =  1.00000E+00
                              Z =  0.00000E+00


                         DATA FOR THE GREEN'S FUNCTION

                                   free space


               All segments and triangles are perfectly conducting


               PRE-CONDITIONING OF THE LINEAR SET OF EQUATIONS

               Selected preconditioner algorithm: 1

     CPU time for preconditioning:       0.032 seconds


                    SOLUTION OF THE LINEAR SET OF EQUATIONS WITH SCALAGAU

               Condition number of the matrix:  4.75093E+03

               Floating point performance for LU decomposition:
                    Not determined since computation time too short

     CPU time for solving the linear set of equations:       0.093 seconds


                         DATA OF THE VOLTAGE SOURCE NO. 1

                    real part  imag. part   magnitude       phase
 Current   in A    4.4117E-03 -4.4073E-03  6.2359E-03      -44.97
 Admitt.   in A/V  4.4117E-03 -4.4073E-03  6.2359E-03      -44.97
 Impedance in Ohm  1.1345E+02  1.1334E+02  1.6036E+02       44.97
 Inductance  in H  6.4421E-09

                                   Power in Watt: 2.20584E-03


                              SCATTERING PARAMETERS

       ports                                        magnitude          phase 
    sink source     real part   imag. part      linear      in dB     in deg.
 S     1      1   5.86838E-01  2.86487E-01   6.53034E-01   -3.7013     26.02
         Sum |S|^2 of these S-parameters:    4.26453E-01   -3.7013
         Reference impedance in Ohm:  5.00000E+01




                              SUMMARY OF LOSSES

          Metallic elements:                          0.0000E+00 W
          Dielectric:                                 0.0000E+00 W
          Mismatch at feed:                           0.0000E+00 W
          Non-radiating networks:                     0.0000E+00 W
          Cables:                                     0.0000E+00 W
          Backward power at passive waveguide ports:  0.0000E+00 W
          Backward power at passive modal ports:      0.0000E+00 W
                                                     -------------
                Sum of all losses:                    0.0000E+00 W

          Efficiency of the antenna:                    100.0000 %
          (based on a total active power:             2.2058E-03 W)

 read from buffer:
EN       0    0    0    0    0 0.000E+00 0.000E+00 0.000E+00 0.000E+00 0.000E+00 0.000E+00 0.000E+00 0.000E+00


                    SUMMARY OF REQUIRED TIMES IN SECONDS

                                            CPU-time      runtime
 Reading and constructing the geometry         0.063        0.062
 Checking the geometry                         0.015        0.016
 Initialisation of the Green's function        0.000        0.000
 Calcul. of coupling for PO/Fock               0.000        0.000
 Ray-launching phase of GO                     0.000        0.000
 Calcul. of matrix elements                   59.872       59.871
 Calcul. of right-hand side vector             0.000        0.000
 Preconditioning system of linear eqns.        0.376        0.373
 Solution of the system of linear eqns.        2.387        2.386
 Eigensolution for characteristic modes        0.000        0.000
 Determination of surface currents             0.000        0.000
 Calcul. of impedances/powers/losses           1.107        1.111
 Calcul. of averaged SAR values                0.000        0.000
 Calcul. of power ideal receiving ant.         0.000        0.000
 Calcul. of cable coupling                     0.000        0.000
 Calcul. of error estimates                    0.000        0.000
 Calcul. of electric near field                0.000        0.000
 Calcul. of magnetic near field                0.000        0.000
 Calcul. of far field                          0.000        0.000
                            other              0.125        0.125
                                         -----------  -----------
                         total times:         63.945       63.944
               (total times in hours:          0.018        0.018)

 Specified CPU-times are referring to the master process only
 Sum of the CPU-times of all processes:      127.890 seconds (    0.036 hours)
 On average per process:                      63.945 seconds (    0.018 hours)

 Peak memory usage during the whole solution: 3.316 MByte
 (refers to the master process only)
 Sum of the peak memory of all processes:     6.248 MByte
 On average per process:                      3.124 MByte

Finished: 2018-05-03 21:24:26                     
