FEKO.CSV  Version 7.0-391 from 2014-05-05 (FEKO Suite 7.0)
          PREFEKO Version 7.0-37 from 2014-05-02 [FEK: default 147; used 147] BINARY
          CADFEKO version 7.0-238289 (x64) from 2014-05-05                                
          Copyright (c) 1999-2014 EM Software & Systems-S.A. (Pty) Ltd
          Intel(R) MKL version 11.0.5 (build 20130612) on Intel(R) Core(TM) i7 Processor, Intel(R) 64 architecture (1 thread)
Computer: PC WIN64 EM64T MKL IMPI -- Matias-Notebook
          Microsoft Windows 7 Ultimate Edition  (Build 7600), Version 6.1.7600 x64 (SP 0.0)
          Intel(R) Core(TM) i5-3210M CPU @ 2.50GHz; GenuineIntel family 6 model 10 stepping 9 brand id 0
          1 physical CPU with a total of 4 processors found (multi-core CPU with max. 2 cores per physical CPU)
Threads:  OpenMP threading not used
Date:     2018-05-03 20:56:02                     
File:     biquad
Memory:   Unlimited, system allows maximum usage of 1.855 GByte
          (for parallel runs memory limit is per process)
          (installed memory 3.905 GByte, thereof free 2.157 GByte)
MD5 Check:A2855E17C65539D4D09475F338D7D900
MD5 Total:EA58A75F29E60B632AC17CC39DE525E5
Licence:  Nodelocked licence no. 5747-5593-1319592               

Number of parallel processes:     2 on 1 CPUs

Master process    0 on machine: Matias-Notebook                using 1 threads
Server process    1 on machine: Matias-Notebook                using 1 threads

 NOTE    38034: It was detected that HyperThreading is active on this system, you might consider disabling it to improve FEKOs performance
 NOTE    38034: It was detected that HyperThreading is active on this system, you might consider disabling it to improve FEKOs performance

          Surface of all triangles in m*m:     2.65521E-02

          Length of the segments in m:         2.44748E-01


                                DATA FOR MEMORY USAGE

 Number of metallic triangles:             500                                max. triangles:    MAXNDR    =      500
 Number of dielectric triangles:             0
 Number of aperture triangles:               0
 Number of GO triangles:                     0
 Number of windscreen triangles:             0
 Number of FEM surface triangles:            0
 Number of modal port triangles:             0
 Number of metallic segments:              105                                max. segments:     MAXNSEG   =      105
 Number of combined MoM/MTL segments:        0
 Number of dielectr./magnet. cuboids:        0                                max. cuboids:      MAXNQUA   =        0
 Number of tetrahedra:                       0                                max. tetrahedra:   MAXNTETRA =        0
 Number of edges in PO region:               0                                max. edges:        MAXPOKA   =        0
 Number of wedges in PO region:              0                                max. wedges:       MAXPOKL   =        0
 Number of Fock regions:                     0                                max. Fock regions: MAXFOGE   =        0
 Number of polygonal surfaces:               0                                max. surfaces:     MAXPOLYF  =        0
                                                                              max. corner pts.:  MAXPOLYP  =        0
 Number of UTD cylinders:                    0

 Number of metallic edges (MoM):           722  unknown:      722 (electr.)   max. edges:        MAXNKA    =      750
                                             0  unknown:        0 (magnet.)
 Number of metallic edges (PO):              0  unknown:        0 (electr.)
                                                unknown:        0 (magnet.)
 Number of dielectric edges (MoM):           0  unknown:        0 (electr.)
                                             0                  0 (magnet.)
 Number of dielectric edges (PO):            0  unknown:        0 (electr.)
                                                unknown:        0 (magnet.)
 Number of aperture edges (MoM):             0  unknown:        0 (magnet.) 
 Number of edges FEM/MoM surface:            0  unknown:        0 (electr.)
                                             0                  0 (magnet.)
 Number of nodes between segments:         106  unknown:      106             max. nodes:        MAXNKNO   =      168
 Number of connection points:                0  unknown:        0             max. conn.:        MAXNV     =      100
 Number of dielectric cuboids:               0  unknown:        0             max. cuboids:      MAXNQUA   =        0
 Number of magnetic cuboids:                 0  unknown:        0
 Number of dielectric faces (VEP):           0  unknown:        0
 Number of magnetic faces (VEP):             0  unknown:        0

 Number of basis funct. for MoM:           828  unknown:      828             max. basisf.       MAXNZEILE =     1018
 Number of basis funct. for PO:              0  unknown:        0             max. basisf.       MAXNKAPO  =        0

 Distributed storage of MoM matrix for parallel version

 read from input file:
PS       0    0    3    1    0 0.000E+00 0.000E+00 0.000E+00 0.000E+00 0.000E+00 0.000E+00 0.000E+00 0.000E+00
 read from input file:
CG      -1    0   -1    0    0 0.000E+00 0.000E+00 0.000E+00 0.000E+00-1.000E+00-1.000E+00 0.000E+00 0.000E+00
 read from input file:
DI       0    0   -1    0    0 1.000E+00 0.000E+00 0.000E+00 0.000E+00 0.000E+00 1.000E+03 0.000E+00 0.000E+00
 read from input file:
PW       0    0    0    0    0 0.000E+00 0.000E+00 0.000E+00 0.000E+00 0.000E+00 0.000E+00 0.000E+00 0.000E+00
 read from input file:
A1       0    2    1    0    0 1.000E+00 0.000E+00 0.000E+00 0.000E+00 0.000E+00 5.000E+01 0.000E+00 0.000E+00
 read from input file:
FR      17    0    0    0    0 2.300E+09 0.000E+00 2.500E+09 0.000E+00 0.000E+00 0.000E+00 0.000E+00 0.000E+00
 read from buffer:
NC       0    0    0    0    0 0.000E+00 0.000E+00 0.000E+00 0.000E+00 0.000E+00 0.000E+00 0.000E+00 0.000E+00
 read from buffer:
DA       0    0    0    0    0 0.000E+00 0.000E+00 0.000E+00 0.000E+00 0.000E+00 0.000E+00 0.000E+00 0.000E+00
 read from buffer:
OS       0    0    0    0    0 0.000E+00 0.000E+00 0.000E+00 0.000E+00 0.000E+00 0.000E+00 0.000E+00 0.000E+00
 
 
      ==============
      CONFIGURATION: StandardConfiguration1
      ==============


                              DATA FOR DIELECTRIC MEDIA

internal  relative     relative  conductivity   tan(delta)    tan(delta)    wavelength   mass density    volume     medium
index  permittivity permeability   in S/m       (electric)    (magnetic)       in m       in kg/m^3      in m^3
    0      1.00000      1.00000  0.00000E+00   0.00000E+00   0.00000E+00   1.30345E-01   1.00000E+03    infinite    0



                    EXCITATION BY VOLTAGE SOURCE AT SEGMENT

 Name:                        VoltageSource1
 Excitation index:            N = 1
 Frequency in Hz:             FREQ =    2.30000E+09
 Wavelength in m:             LAMBDA =  1.30345E-01
 Open circuit voltage in V:   |U0| =    1.00000E+00
 Phase in deg.:               ARG(U0) =        0.00
 Source at segment label:     ULA = Union1.Wire33.Port1
 Absolute number of segment:  UNR = 1
 Location of the excit. in m: X =  0.00000E+00
                              Y =  0.00000E+00
                              Z =  0.00000E+00
 Positive feed direction:     X =  0.00000E+00
                              Y =  1.00000E+00
                              Z =  0.00000E+00


                         DATA FOR THE GREEN'S FUNCTION

                                   free space


               All segments and triangles are perfectly conducting


                     READING SOLUTION COEFFICIENTS FROM FILE 

 The checksum indicates a change in the input file which might affect
 the validity of the *.str file
 NOTE    32313: The *.str file is not valid for the current solution (checksum mismatch)
 NOTE    34058: Reading a solution from a *.str file not possible (file will be deleted and newly created)


                    DISTRIBUTED STORAGE OF MATRIX

   Number of rows of the matrix             =            828
   Number of columns of the matrix          =            828
   Number of rows of the process grid       =              1
   Number of columns of the process grid    =              2
   Block size                               =            128
   Theoretical load in percent              =          93.24
   Number of rows of local matrix (proc. 0) =            828
   Number of columns of local mat.(proc. 0) =            444
   Local memory requirement for matrix      =         367632 complex numbers
   (corresponds to 2.805 MByte)

 Storage using single precision

 Memory requirement for MoM matrix:       828 rows *      828 columns =      685584 complex numbers
 For the MoM matrix, a memory of       367632 complex numbers is used (i.e. 2.805 MByte)

     Per process, 3.279 MByte of memory has been allocated dynamically,
     which corresponds to 6.559 MByte in total for all processes together
     (peak memory usage of 3.279 MByte per process so far)



               PRE-CONDITIONING OF THE LINEAR SET OF EQUATIONS

               Selected preconditioner algorithm: 1

     CPU time for preconditioning:       0.031 seconds


                    SOLUTION OF THE LINEAR SET OF EQUATIONS WITH SCALAGAU

               Condition number of the matrix:  8.26979E+03

               Floating point performance for LU decomposition:
                          1706.264 MFLOPS(SP) for CPU-time       0.890 seconds
                           853.132 MFLOPS(SP) per process
                          1708.183 MFLOPS(SP) for run-time       0.889 seconds
                           854.092 MFLOPS(SP) per process

     CPU time for solving the linear set of equations:       0.890 seconds


                         DATA OF THE VOLTAGE SOURCE NO. 1

                    real part  imag. part   magnitude       phase
 Current   in A    1.6821E-02  1.2423E-02  2.0911E-02       36.45
 Admitt.   in A/V  1.6821E-02  1.2423E-02  2.0911E-02       36.45
 Impedance in Ohm  3.8467E+01 -2.8410E+01  4.7821E+01      -36.45
 Capacitance in F  2.4357E-12

                                   Power in Watt: 8.41054E-03


                              SCATTERING PARAMETERS

       ports                                        magnitude          phase 
    sink source     real part   imag. part      linear      in dB     in deg.
 S     1      1  -2.46906E-02 -3.29065E-01   3.29990E-01   -9.6300    -94.29
         Sum |S|^2 of these S-parameters:    1.08893E-01   -9.6300
         Reference impedance in Ohm:  5.00000E+01




                              SUMMARY OF LOSSES

          Metallic elements:                          0.0000E+00 W
          Dielectric:                                 0.0000E+00 W
          Mismatch at feed:                           0.0000E+00 W
          Non-radiating networks:                     0.0000E+00 W
          Cables:                                     0.0000E+00 W
          Backward power at passive waveguide ports:  0.0000E+00 W
          Backward power at passive modal ports:      0.0000E+00 W
                                                     -------------
                Sum of all losses:                    0.0000E+00 W

          Efficiency of the antenna:                    100.0000 %
          (based on a total active power:             8.4105E-03 W)

 read from buffer:
NC       0    0    0    0    0 0.000E+00 0.000E+00 0.000E+00 0.000E+00 0.000E+00 0.000E+00 0.000E+00 0.000E+00
 read from buffer:
DA       0    0    0    0    0 0.000E+00 0.000E+00 0.000E+00 0.000E+00 0.000E+00 0.000E+00 0.000E+00 0.000E+00
 read from buffer:
OS       0    0    0    0    0 0.000E+00 0.000E+00 0.000E+00 0.000E+00 0.000E+00 0.000E+00 0.000E+00 0.000E+00


                              DATA FOR DIELECTRIC MEDIA

internal  relative     relative  conductivity   tan(delta)    tan(delta)    wavelength   mass density    volume     medium
index  permittivity permeability   in S/m       (electric)    (magnetic)       in m       in kg/m^3      in m^3
    0      1.00000      1.00000  0.00000E+00   0.00000E+00   0.00000E+00   1.29640E-01   1.00000E+03    infinite    0



                    EXCITATION BY VOLTAGE SOURCE AT SEGMENT

 Name:                        VoltageSource1
 Excitation index:            N = 1
 Frequency in Hz:             FREQ =    2.31250E+09
 Wavelength in m:             LAMBDA =  1.29640E-01
 Open circuit voltage in V:   |U0| =    1.00000E+00
 Phase in deg.:               ARG(U0) =        0.00
 Source at segment label:     ULA = Union1.Wire33.Port1
 Absolute number of segment:  UNR = 1
 Location of the excit. in m: X =  0.00000E+00
                              Y =  0.00000E+00
                              Z =  0.00000E+00
 Positive feed direction:     X =  0.00000E+00
                              Y =  1.00000E+00
                              Z =  0.00000E+00


                         DATA FOR THE GREEN'S FUNCTION

                                   free space


               All segments and triangles are perfectly conducting


               PRE-CONDITIONING OF THE LINEAR SET OF EQUATIONS

               Selected preconditioner algorithm: 1

     CPU time for preconditioning:       0.015 seconds


                    SOLUTION OF THE LINEAR SET OF EQUATIONS WITH SCALAGAU

               Condition number of the matrix:  8.55030E+03

               Floating point performance for LU decomposition:
                    Not determined since computation time too short

     CPU time for solving the linear set of equations:       0.094 seconds


                         DATA OF THE VOLTAGE SOURCE NO. 1

                    real part  imag. part   magnitude       phase
 Current   in A    1.8316E-02  1.1457E-02  2.1604E-02       32.03
 Admitt.   in A/V  1.8316E-02  1.1457E-02  2.1604E-02       32.03
 Impedance in Ohm  3.9242E+01 -2.4547E+01  4.6287E+01      -32.03
 Capacitance in F  2.8038E-12

                                   Power in Watt: 9.15806E-03


                              SCATTERING PARAMETERS

       ports                                        magnitude          phase 
    sink source     real part   imag. part      linear      in dB     in deg.
 S     1      1  -4.17306E-02 -2.86535E-01   2.89557E-01  -10.7653    -98.29
         Sum |S|^2 of these S-parameters:    8.38435E-02  -10.7653
         Reference impedance in Ohm:  5.00000E+01




                              SUMMARY OF LOSSES

          Metallic elements:                          0.0000E+00 W
          Dielectric:                                 0.0000E+00 W
          Mismatch at feed:                           0.0000E+00 W
          Non-radiating networks:                     0.0000E+00 W
          Cables:                                     0.0000E+00 W
          Backward power at passive waveguide ports:  0.0000E+00 W
          Backward power at passive modal ports:      0.0000E+00 W
                                                     -------------
                Sum of all losses:                    0.0000E+00 W

          Efficiency of the antenna:                    100.0000 %
          (based on a total active power:             9.1581E-03 W)

 read from buffer:
NC       0    0    0    0    0 0.000E+00 0.000E+00 0.000E+00 0.000E+00 0.000E+00 0.000E+00 0.000E+00 0.000E+00
 read from buffer:
DA       0    0    0    0    0 0.000E+00 0.000E+00 0.000E+00 0.000E+00 0.000E+00 0.000E+00 0.000E+00 0.000E+00
 read from buffer:
OS       0    0    0    0    0 0.000E+00 0.000E+00 0.000E+00 0.000E+00 0.000E+00 0.000E+00 0.000E+00 0.000E+00


                              DATA FOR DIELECTRIC MEDIA

internal  relative     relative  conductivity   tan(delta)    tan(delta)    wavelength   mass density    volume     medium
index  permittivity permeability   in S/m       (electric)    (magnetic)       in m       in kg/m^3      in m^3
    0      1.00000      1.00000  0.00000E+00   0.00000E+00   0.00000E+00   1.28943E-01   1.00000E+03    infinite    0



                    EXCITATION BY VOLTAGE SOURCE AT SEGMENT

 Name:                        VoltageSource1
 Excitation index:            N = 1
 Frequency in Hz:             FREQ =    2.32500E+09
 Wavelength in m:             LAMBDA =  1.28943E-01
 Open circuit voltage in V:   |U0| =    1.00000E+00
 Phase in deg.:               ARG(U0) =        0.00
 Source at segment label:     ULA = Union1.Wire33.Port1
 Absolute number of segment:  UNR = 1
 Location of the excit. in m: X =  0.00000E+00
                              Y =  0.00000E+00
                              Z =  0.00000E+00
 Positive feed direction:     X =  0.00000E+00
                              Y =  1.00000E+00
                              Z =  0.00000E+00


                         DATA FOR THE GREEN'S FUNCTION

                                   free space


               All segments and triangles are perfectly conducting


               PRE-CONDITIONING OF THE LINEAR SET OF EQUATIONS

               Selected preconditioner algorithm: 1

     CPU time for preconditioning:       0.032 seconds


                    SOLUTION OF THE LINEAR SET OF EQUATIONS WITH SCALAGAU

               Condition number of the matrix:  8.78854E+03

               Floating point performance for LU decomposition:
                    Not determined since computation time too short

     CPU time for solving the linear set of equations:       0.156 seconds


                         DATA OF THE VOLTAGE SOURCE NO. 1

                    real part  imag. part   magnitude       phase
 Current   in A    1.9704E-02  1.0189E-02  2.2183E-02       27.34
 Admitt.   in A/V  1.9704E-02  1.0189E-02  2.2183E-02       27.34
 Impedance in Ohm  4.0044E+01 -2.0707E+01  4.5081E+01      -27.34
 Capacitance in F  3.3059E-12

                                   Power in Watt: 9.85201E-03


                              SCATTERING PARAMETERS

       ports                                        magnitude          phase 
    sink source     real part   imag. part      linear      in dB     in deg.
 S     1      1  -5.47926E-02 -2.42563E-01   2.48674E-01  -12.0874   -102.73
         Sum |S|^2 of these S-parameters:    6.18388E-02  -12.0874
         Reference impedance in Ohm:  5.00000E+01




                              SUMMARY OF LOSSES

          Metallic elements:                          0.0000E+00 W
          Dielectric:                                 0.0000E+00 W
          Mismatch at feed:                           0.0000E+00 W
          Non-radiating networks:                     0.0000E+00 W
          Cables:                                     0.0000E+00 W
          Backward power at passive waveguide ports:  0.0000E+00 W
          Backward power at passive modal ports:      0.0000E+00 W
                                                     -------------
                Sum of all losses:                    0.0000E+00 W

          Efficiency of the antenna:                    100.0000 %
          (based on a total active power:             9.8520E-03 W)

 read from buffer:
NC       0    0    0    0    0 0.000E+00 0.000E+00 0.000E+00 0.000E+00 0.000E+00 0.000E+00 0.000E+00 0.000E+00
 read from buffer:
DA       0    0    0    0    0 0.000E+00 0.000E+00 0.000E+00 0.000E+00 0.000E+00 0.000E+00 0.000E+00 0.000E+00
 read from buffer:
OS       0    0    0    0    0 0.000E+00 0.000E+00 0.000E+00 0.000E+00 0.000E+00 0.000E+00 0.000E+00 0.000E+00


                              DATA FOR DIELECTRIC MEDIA

internal  relative     relative  conductivity   tan(delta)    tan(delta)    wavelength   mass density    volume     medium
index  permittivity permeability   in S/m       (electric)    (magnetic)       in m       in kg/m^3      in m^3
    0      1.00000      1.00000  0.00000E+00   0.00000E+00   0.00000E+00   1.28253E-01   1.00000E+03    infinite    0



                    EXCITATION BY VOLTAGE SOURCE AT SEGMENT

 Name:                        VoltageSource1
 Excitation index:            N = 1
 Frequency in Hz:             FREQ =    2.33750E+09
 Wavelength in m:             LAMBDA =  1.28253E-01
 Open circuit voltage in V:   |U0| =    1.00000E+00
 Phase in deg.:               ARG(U0) =        0.00
 Source at segment label:     ULA = Union1.Wire33.Port1
 Absolute number of segment:  UNR = 1
 Location of the excit. in m: X =  0.00000E+00
                              Y =  0.00000E+00
                              Z =  0.00000E+00
 Positive feed direction:     X =  0.00000E+00
                              Y =  1.00000E+00
                              Z =  0.00000E+00


                         DATA FOR THE GREEN'S FUNCTION

                                   free space


               All segments and triangles are perfectly conducting


               PRE-CONDITIONING OF THE LINEAR SET OF EQUATIONS

               Selected preconditioner algorithm: 1

     CPU time for preconditioning:       0.015 seconds


                    SOLUTION OF THE LINEAR SET OF EQUATIONS WITH SCALAGAU

               Condition number of the matrix:  8.97104E+03

               Floating point performance for LU decomposition:
                    Not determined since computation time too short

     CPU time for solving the linear set of equations:       0.110 seconds


                         DATA OF THE VOLTAGE SOURCE NO. 1

                    real part  imag. part   magnitude       phase
 Current   in A    2.0899E-02  8.6348E-03  2.2612E-02       22.45
 Admitt.   in A/V  2.0899E-02  8.6348E-03  2.2612E-02       22.45
 Impedance in Ohm  4.0872E+01 -1.6887E+01  4.4224E+01      -22.45
 Capacitance in F  4.0319E-12

                                   Power in Watt: 1.04494E-02


                              SCATTERING PARAMETERS

       ports                                        magnitude          phase 
    sink source     real part   imag. part      linear      in dB     in deg.
 S     1      1  -6.37098E-02 -1.97674E-01   2.07687E-01  -13.6518   -107.86
         Sum |S|^2 of these S-parameters:    4.31340E-02  -13.6518
         Reference impedance in Ohm:  5.00000E+01




                              SUMMARY OF LOSSES

          Metallic elements:                          0.0000E+00 W
          Dielectric:                                 0.0000E+00 W
          Mismatch at feed:                           0.0000E+00 W
          Non-radiating networks:                     0.0000E+00 W
          Cables:                                     0.0000E+00 W
          Backward power at passive waveguide ports:  0.0000E+00 W
          Backward power at passive modal ports:      0.0000E+00 W
                                                     -------------
                Sum of all losses:                    0.0000E+00 W

          Efficiency of the antenna:                    100.0000 %
          (based on a total active power:             1.0449E-02 W)

 read from buffer:
NC       0    0    0    0    0 0.000E+00 0.000E+00 0.000E+00 0.000E+00 0.000E+00 0.000E+00 0.000E+00 0.000E+00
 read from buffer:
DA       0    0    0    0    0 0.000E+00 0.000E+00 0.000E+00 0.000E+00 0.000E+00 0.000E+00 0.000E+00 0.000E+00
 read from buffer:
OS       0    0    0    0    0 0.000E+00 0.000E+00 0.000E+00 0.000E+00 0.000E+00 0.000E+00 0.000E+00 0.000E+00


                              DATA FOR DIELECTRIC MEDIA

internal  relative     relative  conductivity   tan(delta)    tan(delta)    wavelength   mass density    volume     medium
index  permittivity permeability   in S/m       (electric)    (magnetic)       in m       in kg/m^3      in m^3
    0      1.00000      1.00000  0.00000E+00   0.00000E+00   0.00000E+00   1.27571E-01   1.00000E+03    infinite    0



                    EXCITATION BY VOLTAGE SOURCE AT SEGMENT

 Name:                        VoltageSource1
 Excitation index:            N = 1
 Frequency in Hz:             FREQ =    2.35000E+09
 Wavelength in m:             LAMBDA =  1.27571E-01
 Open circuit voltage in V:   |U0| =    1.00000E+00
 Phase in deg.:               ARG(U0) =        0.00
 Source at segment label:     ULA = Union1.Wire33.Port1
 Absolute number of segment:  UNR = 1
 Location of the excit. in m: X =  0.00000E+00
                              Y =  0.00000E+00
                              Z =  0.00000E+00
 Positive feed direction:     X =  0.00000E+00
                              Y =  1.00000E+00
                              Z =  0.00000E+00


                         DATA FOR THE GREEN'S FUNCTION

                                   free space


               All segments and triangles are perfectly conducting


               PRE-CONDITIONING OF THE LINEAR SET OF EQUATIONS

               Selected preconditioner algorithm: 1

     CPU time for preconditioning:       0.031 seconds


                    SOLUTION OF THE LINEAR SET OF EQUATIONS WITH SCALAGAU

               Condition number of the matrix:  9.08639E+03

               Floating point performance for LU decomposition:
                    Not determined since computation time too short

     CPU time for solving the linear set of equations:       0.078 seconds


                         DATA OF THE VOLTAGE SOURCE NO. 1

                    real part  imag. part   magnitude       phase
 Current   in A    2.1818E-02  6.8422E-03  2.2865E-02       17.41
 Admitt.   in A/V  2.1818E-02  6.8422E-03  2.2865E-02       17.41
 Impedance in Ohm  4.1730E+01 -1.3087E+01  4.3734E+01      -17.41
 Capacitance in F  5.1751E-12

                                   Power in Watt: 1.09089E-02


                              SCATTERING PARAMETERS

       ports                                        magnitude          phase 
    sink source     real part   imag. part      linear      in dB     in deg.
 S     1      1  -6.84080E-02 -1.52427E-01   1.67074E-01  -15.5418   -114.17
         Sum |S|^2 of these S-parameters:    2.79137E-02  -15.5418
         Reference impedance in Ohm:  5.00000E+01




                              SUMMARY OF LOSSES

          Metallic elements:                          0.0000E+00 W
          Dielectric:                                 0.0000E+00 W
          Mismatch at feed:                           0.0000E+00 W
          Non-radiating networks:                     0.0000E+00 W
          Cables:                                     0.0000E+00 W
          Backward power at passive waveguide ports:  0.0000E+00 W
          Backward power at passive modal ports:      0.0000E+00 W
                                                     -------------
                Sum of all losses:                    0.0000E+00 W

          Efficiency of the antenna:                    100.0000 %
          (based on a total active power:             1.0909E-02 W)

 read from buffer:
NC       0    0    0    0    0 0.000E+00 0.000E+00 0.000E+00 0.000E+00 0.000E+00 0.000E+00 0.000E+00 0.000E+00
 read from buffer:
DA       0    0    0    0    0 0.000E+00 0.000E+00 0.000E+00 0.000E+00 0.000E+00 0.000E+00 0.000E+00 0.000E+00
 read from buffer:
OS       0    0    0    0    0 0.000E+00 0.000E+00 0.000E+00 0.000E+00 0.000E+00 0.000E+00 0.000E+00 0.000E+00


                              DATA FOR DIELECTRIC MEDIA

internal  relative     relative  conductivity   tan(delta)    tan(delta)    wavelength   mass density    volume     medium
index  permittivity permeability   in S/m       (electric)    (magnetic)       in m       in kg/m^3      in m^3
    0      1.00000      1.00000  0.00000E+00   0.00000E+00   0.00000E+00   1.26896E-01   1.00000E+03    infinite    0



                    EXCITATION BY VOLTAGE SOURCE AT SEGMENT

 Name:                        VoltageSource1
 Excitation index:            N = 1
 Frequency in Hz:             FREQ =    2.36250E+09
 Wavelength in m:             LAMBDA =  1.26896E-01
 Open circuit voltage in V:   |U0| =    1.00000E+00
 Phase in deg.:               ARG(U0) =        0.00
 Source at segment label:     ULA = Union1.Wire33.Port1
 Absolute number of segment:  UNR = 1
 Location of the excit. in m: X =  0.00000E+00
                              Y =  0.00000E+00
                              Z =  0.00000E+00
 Positive feed direction:     X =  0.00000E+00
                              Y =  1.00000E+00
                              Z =  0.00000E+00


                         DATA FOR THE GREEN'S FUNCTION

                                   free space


               All segments and triangles are perfectly conducting


               PRE-CONDITIONING OF THE LINEAR SET OF EQUATIONS

               Selected preconditioner algorithm: 1

     CPU time for preconditioning:       0.031 seconds


                    SOLUTION OF THE LINEAR SET OF EQUATIONS WITH SCALAGAU

               Condition number of the matrix:  9.12712E+03

               Floating point performance for LU decomposition:
                    Not determined since computation time too short

     CPU time for solving the linear set of equations:       0.078 seconds


                         DATA OF THE VOLTAGE SOURCE NO. 1

                    real part  imag. part   magnitude       phase
 Current   in A    2.2397E-02  4.8891E-03  2.2924E-02       12.31
 Admitt.   in A/V  2.2397E-02  4.8891E-03  2.2924E-02       12.31
 Impedance in Ohm  4.2619E+01 -9.3035E+00  4.3622E+01      -12.31
 Capacitance in F  7.2411E-12

                                   Power in Watt: 1.11983E-02


                              SCATTERING PARAMETERS

       ports                                        magnitude          phase 
    sink source     real part   imag. part      linear      in dB     in deg.
 S     1      1  -6.89093E-02 -1.07371E-01   1.27581E-01  -17.8843   -122.69
         Sum |S|^2 of these S-parameters:    1.62770E-02  -17.8843
         Reference impedance in Ohm:  5.00000E+01




                              SUMMARY OF LOSSES

          Metallic elements:                          0.0000E+00 W
          Dielectric:                                 0.0000E+00 W
          Mismatch at feed:                           0.0000E+00 W
          Non-radiating networks:                     0.0000E+00 W
          Cables:                                     0.0000E+00 W
          Backward power at passive waveguide ports:  0.0000E+00 W
          Backward power at passive modal ports:      0.0000E+00 W
                                                     -------------
                Sum of all losses:                    0.0000E+00 W

          Efficiency of the antenna:                    100.0000 %
          (based on a total active power:             1.1198E-02 W)

 read from buffer:
NC       0    0    0    0    0 0.000E+00 0.000E+00 0.000E+00 0.000E+00 0.000E+00 0.000E+00 0.000E+00 0.000E+00
 read from buffer:
DA       0    0    0    0    0 0.000E+00 0.000E+00 0.000E+00 0.000E+00 0.000E+00 0.000E+00 0.000E+00 0.000E+00
 read from buffer:
OS       0    0    0    0    0 0.000E+00 0.000E+00 0.000E+00 0.000E+00 0.000E+00 0.000E+00 0.000E+00 0.000E+00


                              DATA FOR DIELECTRIC MEDIA

internal  relative     relative  conductivity   tan(delta)    tan(delta)    wavelength   mass density    volume     medium
index  permittivity permeability   in S/m       (electric)    (magnetic)       in m       in kg/m^3      in m^3
    0      1.00000      1.00000  0.00000E+00   0.00000E+00   0.00000E+00   1.26228E-01   1.00000E+03    infinite    0



                    EXCITATION BY VOLTAGE SOURCE AT SEGMENT

 Name:                        VoltageSource1
 Excitation index:            N = 1
 Frequency in Hz:             FREQ =    2.37500E+09
 Wavelength in m:             LAMBDA =  1.26228E-01
 Open circuit voltage in V:   |U0| =    1.00000E+00
 Phase in deg.:               ARG(U0) =        0.00
 Source at segment label:     ULA = Union1.Wire33.Port1
 Absolute number of segment:  UNR = 1
 Location of the excit. in m: X =  0.00000E+00
                              Y =  0.00000E+00
                              Z =  0.00000E+00
 Positive feed direction:     X =  0.00000E+00
                              Y =  1.00000E+00
                              Z =  0.00000E+00


                         DATA FOR THE GREEN'S FUNCTION

                                   free space


               All segments and triangles are perfectly conducting


               PRE-CONDITIONING OF THE LINEAR SET OF EQUATIONS

               Selected preconditioner algorithm: 1

     CPU time for preconditioning:       0.031 seconds


                    SOLUTION OF THE LINEAR SET OF EQUATIONS WITH SCALAGAU

               Condition number of the matrix:  9.09113E+03

               Floating point performance for LU decomposition:
                    Not determined since computation time too short

     CPU time for solving the linear set of equations:       0.078 seconds


                         DATA OF THE VOLTAGE SOURCE NO. 1

                    real part  imag. part   magnitude       phase
 Current   in A    2.2602E-02  2.8738E-03  2.2784E-02        7.25
 Admitt.   in A/V  2.2602E-02  2.8738E-03  2.2784E-02        7.25
 Impedance in Ohm  4.3540E+01 -5.5361E+00  4.3890E+01       -7.25
 Capacitance in F  1.2105E-11

                                   Power in Watt: 1.13010E-02


                              SCATTERING PARAMETERS

       ports                                        magnitude          phase 
    sink source     real part   imag. part      linear      in dB     in deg.
 S     1      1  -6.53303E-02 -6.30509E-02   9.07935E-02  -20.8389   -136.02
         Sum |S|^2 of these S-parameters:    8.24346E-03  -20.8389
         Reference impedance in Ohm:  5.00000E+01




                              SUMMARY OF LOSSES

          Metallic elements:                          0.0000E+00 W
          Dielectric:                                 0.0000E+00 W
          Mismatch at feed:                           0.0000E+00 W
          Non-radiating networks:                     0.0000E+00 W
          Cables:                                     0.0000E+00 W
          Backward power at passive waveguide ports:  0.0000E+00 W
          Backward power at passive modal ports:      0.0000E+00 W
                                                     -------------
                Sum of all losses:                    0.0000E+00 W

          Efficiency of the antenna:                    100.0000 %
          (based on a total active power:             1.1301E-02 W)

 read from buffer:
NC       0    0    0    0    0 0.000E+00 0.000E+00 0.000E+00 0.000E+00 0.000E+00 0.000E+00 0.000E+00 0.000E+00
 read from buffer:
DA       0    0    0    0    0 0.000E+00 0.000E+00 0.000E+00 0.000E+00 0.000E+00 0.000E+00 0.000E+00 0.000E+00
 read from buffer:
OS       0    0    0    0    0 0.000E+00 0.000E+00 0.000E+00 0.000E+00 0.000E+00 0.000E+00 0.000E+00 0.000E+00


                              DATA FOR DIELECTRIC MEDIA

internal  relative     relative  conductivity   tan(delta)    tan(delta)    wavelength   mass density    volume     medium
index  permittivity permeability   in S/m       (electric)    (magnetic)       in m       in kg/m^3      in m^3
    0      1.00000      1.00000  0.00000E+00   0.00000E+00   0.00000E+00   1.25568E-01   1.00000E+03    infinite    0



                    EXCITATION BY VOLTAGE SOURCE AT SEGMENT

 Name:                        VoltageSource1
 Excitation index:            N = 1
 Frequency in Hz:             FREQ =    2.38750E+09
 Wavelength in m:             LAMBDA =  1.25568E-01
 Open circuit voltage in V:   |U0| =    1.00000E+00
 Phase in deg.:               ARG(U0) =        0.00
 Source at segment label:     ULA = Union1.Wire33.Port1
 Absolute number of segment:  UNR = 1
 Location of the excit. in m: X =  0.00000E+00
                              Y =  0.00000E+00
                              Z =  0.00000E+00
 Positive feed direction:     X =  0.00000E+00
                              Y =  1.00000E+00
                              Z =  0.00000E+00


                         DATA FOR THE GREEN'S FUNCTION

                                   free space


               All segments and triangles are perfectly conducting


               PRE-CONDITIONING OF THE LINEAR SET OF EQUATIONS

               Selected preconditioner algorithm: 1

     CPU time for preconditioning:       0.015 seconds


                    SOLUTION OF THE LINEAR SET OF EQUATIONS WITH SCALAGAU

               Condition number of the matrix:  8.98202E+03

               Floating point performance for LU decomposition:
                    Not determined since computation time too short

     CPU time for solving the linear set of equations:       0.094 seconds


                         DATA OF THE VOLTAGE SOURCE NO. 1

                    real part  imag. part   magnitude       phase
 Current   in A    2.2438E-02  8.9872E-04  2.2456E-02        2.29
 Admitt.   in A/V  2.2438E-02  8.9872E-04  2.2456E-02        2.29
 Impedance in Ohm  4.4496E+01 -1.7822E+00  4.4531E+01       -2.29
 Capacitance in F  3.7404E-11

                                   Power in Watt: 1.12191E-02


                              SCATTERING PARAMETERS

       ports                                        magnitude          phase 
    sink source     real part   imag. part      linear      in dB     in deg.
 S     1      1  -5.78738E-02 -1.99515E-02   6.12163E-02  -24.2627   -160.98
         Sum |S|^2 of these S-parameters:    3.74743E-03  -24.2627
         Reference impedance in Ohm:  5.00000E+01




                              SUMMARY OF LOSSES

          Metallic elements:                          0.0000E+00 W
          Dielectric:                                 0.0000E+00 W
          Mismatch at feed:                           0.0000E+00 W
          Non-radiating networks:                     0.0000E+00 W
          Cables:                                     0.0000E+00 W
          Backward power at passive waveguide ports:  0.0000E+00 W
          Backward power at passive modal ports:      0.0000E+00 W
                                                     -------------
                Sum of all losses:                    0.0000E+00 W

          Efficiency of the antenna:                    100.0000 %
          (based on a total active power:             1.1219E-02 W)

 read from buffer:
NC       0    0    0    0    0 0.000E+00 0.000E+00 0.000E+00 0.000E+00 0.000E+00 0.000E+00 0.000E+00 0.000E+00
 read from buffer:
DA       0    0    0    0    0 0.000E+00 0.000E+00 0.000E+00 0.000E+00 0.000E+00 0.000E+00 0.000E+00 0.000E+00
 read from buffer:
OS       0    0    0    0    0 0.000E+00 0.000E+00 0.000E+00 0.000E+00 0.000E+00 0.000E+00 0.000E+00 0.000E+00


                              DATA FOR DIELECTRIC MEDIA

internal  relative     relative  conductivity   tan(delta)    tan(delta)    wavelength   mass density    volume     medium
index  permittivity permeability   in S/m       (electric)    (magnetic)       in m       in kg/m^3      in m^3
    0      1.00000      1.00000  0.00000E+00   0.00000E+00   0.00000E+00   1.24914E-01   1.00000E+03    infinite    0



                    EXCITATION BY VOLTAGE SOURCE AT SEGMENT

 Name:                        VoltageSource1
 Excitation index:            N = 1
 Frequency in Hz:             FREQ =    2.40000E+09
 Wavelength in m:             LAMBDA =  1.24914E-01
 Open circuit voltage in V:   |U0| =    1.00000E+00
 Phase in deg.:               ARG(U0) =        0.00
 Source at segment label:     ULA = Union1.Wire33.Port1
 Absolute number of segment:  UNR = 1
 Location of the excit. in m: X =  0.00000E+00
                              Y =  0.00000E+00
                              Z =  0.00000E+00
 Positive feed direction:     X =  0.00000E+00
                              Y =  1.00000E+00
                              Z =  0.00000E+00


                         DATA FOR THE GREEN'S FUNCTION

                                   free space


               All segments and triangles are perfectly conducting


               PRE-CONDITIONING OF THE LINEAR SET OF EQUATIONS

               Selected preconditioner algorithm: 1

     CPU time for preconditioning:       0.015 seconds


                    SOLUTION OF THE LINEAR SET OF EQUATIONS WITH SCALAGAU

               Condition number of the matrix:  8.80842E+03

               Floating point performance for LU decomposition:
                    Not determined since computation time too short

     CPU time for solving the linear set of equations:       0.094 seconds


                         DATA OF THE VOLTAGE SOURCE NO. 1

                    real part  imag. part   magnitude       phase
 Current   in A    2.1943E-02 -9.4478E-04  2.1964E-02       -2.47
 Admitt.   in A/V  2.1943E-02 -9.4478E-04  2.1964E-02       -2.47
 Impedance in Ohm  4.5488E+01  1.9585E+00  4.5530E+01        2.47
 Inductance  in H  1.2988E-10

                                   Power in Watt: 1.09717E-02


                              SCATTERING PARAMETERS

       ports                                        magnitude          phase 
    sink source     real part   imag. part      linear      in dB     in deg.
 S     1      1  -4.68158E-02  2.14707E-02   5.15045E-02  -25.7631    155.36
         Sum |S|^2 of these S-parameters:    2.65271E-03  -25.7631
         Reference impedance in Ohm:  5.00000E+01




                              SUMMARY OF LOSSES

          Metallic elements:                          0.0000E+00 W
          Dielectric:                                 0.0000E+00 W
          Mismatch at feed:                           0.0000E+00 W
          Non-radiating networks:                     0.0000E+00 W
          Cables:                                     0.0000E+00 W
          Backward power at passive waveguide ports:  0.0000E+00 W
          Backward power at passive modal ports:      0.0000E+00 W
                                                     -------------
                Sum of all losses:                    0.0000E+00 W

          Efficiency of the antenna:                    100.0000 %
          (based on a total active power:             1.0972E-02 W)

 read from buffer:
NC       0    0    0    0    0 0.000E+00 0.000E+00 0.000E+00 0.000E+00 0.000E+00 0.000E+00 0.000E+00 0.000E+00
 read from buffer:
DA       0    0    0    0    0 0.000E+00 0.000E+00 0.000E+00 0.000E+00 0.000E+00 0.000E+00 0.000E+00 0.000E+00
 read from buffer:
OS       0    0    0    0    0 0.000E+00 0.000E+00 0.000E+00 0.000E+00 0.000E+00 0.000E+00 0.000E+00 0.000E+00


                              DATA FOR DIELECTRIC MEDIA

internal  relative     relative  conductivity   tan(delta)    tan(delta)    wavelength   mass density    volume     medium
index  permittivity permeability   in S/m       (electric)    (magnetic)       in m       in kg/m^3      in m^3
    0      1.00000      1.00000  0.00000E+00   0.00000E+00   0.00000E+00   1.24266E-01   1.00000E+03    infinite    0



                    EXCITATION BY VOLTAGE SOURCE AT SEGMENT

 Name:                        VoltageSource1
 Excitation index:            N = 1
 Frequency in Hz:             FREQ =    2.41250E+09
 Wavelength in m:             LAMBDA =  1.24266E-01
 Open circuit voltage in V:   |U0| =    1.00000E+00
 Phase in deg.:               ARG(U0) =        0.00
 Source at segment label:     ULA = Union1.Wire33.Port1
 Absolute number of segment:  UNR = 1
 Location of the excit. in m: X =  0.00000E+00
                              Y =  0.00000E+00
                              Z =  0.00000E+00
 Positive feed direction:     X =  0.00000E+00
                              Y =  1.00000E+00
                              Z =  0.00000E+00


                         DATA FOR THE GREEN'S FUNCTION

                                   free space


               All segments and triangles are perfectly conducting


               PRE-CONDITIONING OF THE LINEAR SET OF EQUATIONS

               Selected preconditioner algorithm: 1

     CPU time for preconditioning:       0.016 seconds


                    SOLUTION OF THE LINEAR SET OF EQUATIONS WITH SCALAGAU

               Condition number of the matrix:  8.58218E+03

               Floating point performance for LU decomposition:
                    Not determined since computation time too short

     CPU time for solving the linear set of equations:       0.093 seconds


                         DATA OF THE VOLTAGE SOURCE NO. 1

                    real part  imag. part   magnitude       phase
 Current   in A    2.1180E-02 -2.5906E-03  2.1338E-02       -6.97
 Admitt.   in A/V  2.1180E-02 -2.5906E-03  2.1338E-02       -6.97
 Impedance in Ohm  4.6518E+01  5.6896E+00  4.6865E+01        6.97
 Inductance  in H  3.7535E-10

                                   Power in Watt: 1.05901E-02


                              SCATTERING PARAMETERS

       ports                                        magnitude          phase 
    sink source     real part   imag. part      linear      in dB     in deg.
 S     1      1  -3.24882E-02  6.08641E-02   6.89922E-02  -23.2240    118.09
         Sum |S|^2 of these S-parameters:    4.75992E-03  -23.2240
         Reference impedance in Ohm:  5.00000E+01




                              SUMMARY OF LOSSES

          Metallic elements:                          0.0000E+00 W
          Dielectric:                                 0.0000E+00 W
          Mismatch at feed:                           0.0000E+00 W
          Non-radiating networks:                     0.0000E+00 W
          Cables:                                     0.0000E+00 W
          Backward power at passive waveguide ports:  0.0000E+00 W
          Backward power at passive modal ports:      0.0000E+00 W
                                                     -------------
                Sum of all losses:                    0.0000E+00 W

          Efficiency of the antenna:                    100.0000 %
          (based on a total active power:             1.0590E-02 W)

 read from buffer:
NC       0    0    0    0    0 0.000E+00 0.000E+00 0.000E+00 0.000E+00 0.000E+00 0.000E+00 0.000E+00 0.000E+00
 read from buffer:
DA       0    0    0    0    0 0.000E+00 0.000E+00 0.000E+00 0.000E+00 0.000E+00 0.000E+00 0.000E+00 0.000E+00
 read from buffer:
OS       0    0    0    0    0 0.000E+00 0.000E+00 0.000E+00 0.000E+00 0.000E+00 0.000E+00 0.000E+00 0.000E+00


                              DATA FOR DIELECTRIC MEDIA

internal  relative     relative  conductivity   tan(delta)    tan(delta)    wavelength   mass density    volume     medium
index  permittivity permeability   in S/m       (electric)    (magnetic)       in m       in kg/m^3      in m^3
    0      1.00000      1.00000  0.00000E+00   0.00000E+00   0.00000E+00   1.23626E-01   1.00000E+03    infinite    0



                    EXCITATION BY VOLTAGE SOURCE AT SEGMENT

 Name:                        VoltageSource1
 Excitation index:            N = 1
 Frequency in Hz:             FREQ =    2.42500E+09
 Wavelength in m:             LAMBDA =  1.23626E-01
 Open circuit voltage in V:   |U0| =    1.00000E+00
 Phase in deg.:               ARG(U0) =        0.00
 Source at segment label:     ULA = Union1.Wire33.Port1
 Absolute number of segment:  UNR = 1
 Location of the excit. in m: X =  0.00000E+00
                              Y =  0.00000E+00
                              Z =  0.00000E+00
 Positive feed direction:     X =  0.00000E+00
                              Y =  1.00000E+00
                              Z =  0.00000E+00


                         DATA FOR THE GREEN'S FUNCTION

                                   free space


               All segments and triangles are perfectly conducting


               PRE-CONDITIONING OF THE LINEAR SET OF EQUATIONS

               Selected preconditioner algorithm: 1

     CPU time for preconditioning:       0.015 seconds


                    SOLUTION OF THE LINEAR SET OF EQUATIONS WITH SCALAGAU

               Condition number of the matrix:  8.31673E+03

               Floating point performance for LU decomposition:
                    Not determined since computation time too short

     CPU time for solving the linear set of equations:       0.094 seconds


                         DATA OF THE VOLTAGE SOURCE NO. 1

                    real part  imag. part   magnitude       phase
 Current   in A    2.0223E-02 -3.9982E-03  2.0614E-02      -11.18
 Admitt.   in A/V  2.0223E-02 -3.9982E-03  2.0614E-02      -11.18
 Impedance in Ohm  4.7589E+01  9.4088E+00  4.8510E+01       11.18
 Inductance  in H  6.1751E-10

                                   Power in Watt: 1.01114E-02


                              SCATTERING PARAMETERS

       ports                                        magnitude          phase 
    sink source     real part   imag. part      linear      in dB     in deg.
 S     1      1  -1.52690E-02  9.78843E-02   9.90680E-02  -20.0813     98.87
         Sum |S|^2 of these S-parameters:    9.81448E-03  -20.0813
         Reference impedance in Ohm:  5.00000E+01




                              SUMMARY OF LOSSES

          Metallic elements:                          0.0000E+00 W
          Dielectric:                                 0.0000E+00 W
          Mismatch at feed:                           0.0000E+00 W
          Non-radiating networks:                     0.0000E+00 W
          Cables:                                     0.0000E+00 W
          Backward power at passive waveguide ports:  0.0000E+00 W
          Backward power at passive modal ports:      0.0000E+00 W
                                                     -------------
                Sum of all losses:                    0.0000E+00 W

          Efficiency of the antenna:                    100.0000 %
          (based on a total active power:             1.0111E-02 W)

 read from buffer:
NC       0    0    0    0    0 0.000E+00 0.000E+00 0.000E+00 0.000E+00 0.000E+00 0.000E+00 0.000E+00 0.000E+00
 read from buffer:
DA       0    0    0    0    0 0.000E+00 0.000E+00 0.000E+00 0.000E+00 0.000E+00 0.000E+00 0.000E+00 0.000E+00
 read from buffer:
OS       0    0    0    0    0 0.000E+00 0.000E+00 0.000E+00 0.000E+00 0.000E+00 0.000E+00 0.000E+00 0.000E+00


                              DATA FOR DIELECTRIC MEDIA

internal  relative     relative  conductivity   tan(delta)    tan(delta)    wavelength   mass density    volume     medium
index  permittivity permeability   in S/m       (electric)    (magnetic)       in m       in kg/m^3      in m^3
    0      1.00000      1.00000  0.00000E+00   0.00000E+00   0.00000E+00   1.22992E-01   1.00000E+03    infinite    0



                    EXCITATION BY VOLTAGE SOURCE AT SEGMENT

 Name:                        VoltageSource1
 Excitation index:            N = 1
 Frequency in Hz:             FREQ =    2.43750E+09
 Wavelength in m:             LAMBDA =  1.22992E-01
 Open circuit voltage in V:   |U0| =    1.00000E+00
 Phase in deg.:               ARG(U0) =        0.00
 Source at segment label:     ULA = Union1.Wire33.Port1
 Absolute number of segment:  UNR = 1
 Location of the excit. in m: X =  0.00000E+00
                              Y =  0.00000E+00
                              Z =  0.00000E+00
 Positive feed direction:     X =  0.00000E+00
                              Y =  1.00000E+00
                              Z =  0.00000E+00


                         DATA FOR THE GREEN'S FUNCTION

                                   free space


               All segments and triangles are perfectly conducting


               PRE-CONDITIONING OF THE LINEAR SET OF EQUATIONS

               Selected preconditioner algorithm: 1

     CPU time for preconditioning:       0.015 seconds


                    SOLUTION OF THE LINEAR SET OF EQUATIONS WITH SCALAGAU

               Condition number of the matrix:  8.02513E+03

               Floating point performance for LU decomposition:
                    Not determined since computation time too short

     CPU time for solving the linear set of equations:       0.094 seconds


                         DATA OF THE VOLTAGE SOURCE NO. 1

                    real part  imag. part   magnitude       phase
 Current   in A    1.9144E-02 -5.1567E-03  1.9826E-02      -15.08
 Admitt.   in A/V  1.9144E-02 -5.1567E-03  1.9826E-02      -15.08
 Impedance in Ohm  4.8702E+01  1.3119E+01  5.0438E+01       15.08
 Inductance  in H  8.5658E-10

                                   Power in Watt: 9.57190E-03


                              SCATTERING PARAMETERS

       ports                                        magnitude          phase 
    sink source     real part   imag. part      linear      in dB     in deg.
 S     1      1   4.44121E-03  1.32322E-01   1.32397E-01  -17.5625     88.08
         Sum |S|^2 of these S-parameters:    1.75289E-02  -17.5625
         Reference impedance in Ohm:  5.00000E+01




                              SUMMARY OF LOSSES

          Metallic elements:                          0.0000E+00 W
          Dielectric:                                 0.0000E+00 W
          Mismatch at feed:                           0.0000E+00 W
          Non-radiating networks:                     0.0000E+00 W
          Cables:                                     0.0000E+00 W
          Backward power at passive waveguide ports:  0.0000E+00 W
          Backward power at passive modal ports:      0.0000E+00 W
                                                     -------------
                Sum of all losses:                    0.0000E+00 W

          Efficiency of the antenna:                    100.0000 %
          (based on a total active power:             9.5719E-03 W)

 read from buffer:
NC       0    0    0    0    0 0.000E+00 0.000E+00 0.000E+00 0.000E+00 0.000E+00 0.000E+00 0.000E+00 0.000E+00
 read from buffer:
DA       0    0    0    0    0 0.000E+00 0.000E+00 0.000E+00 0.000E+00 0.000E+00 0.000E+00 0.000E+00 0.000E+00
 read from buffer:
OS       0    0    0    0    0 0.000E+00 0.000E+00 0.000E+00 0.000E+00 0.000E+00 0.000E+00 0.000E+00 0.000E+00


                              DATA FOR DIELECTRIC MEDIA

internal  relative     relative  conductivity   tan(delta)    tan(delta)    wavelength   mass density    volume     medium
index  permittivity permeability   in S/m       (electric)    (magnetic)       in m       in kg/m^3      in m^3
    0      1.00000      1.00000  0.00000E+00   0.00000E+00   0.00000E+00   1.22364E-01   1.00000E+03    infinite    0



                    EXCITATION BY VOLTAGE SOURCE AT SEGMENT

 Name:                        VoltageSource1
 Excitation index:            N = 1
 Frequency in Hz:             FREQ =    2.45000E+09
 Wavelength in m:             LAMBDA =  1.22364E-01
 Open circuit voltage in V:   |U0| =    1.00000E+00
 Phase in deg.:               ARG(U0) =        0.00
 Source at segment label:     ULA = Union1.Wire33.Port1
 Absolute number of segment:  UNR = 1
 Location of the excit. in m: X =  0.00000E+00
                              Y =  0.00000E+00
                              Z =  0.00000E+00
 Positive feed direction:     X =  0.00000E+00
                              Y =  1.00000E+00
                              Z =  0.00000E+00


                         DATA FOR THE GREEN'S FUNCTION

                                   free space


               All segments and triangles are perfectly conducting


               PRE-CONDITIONING OF THE LINEAR SET OF EQUATIONS

               Selected preconditioner algorithm: 1

     CPU time for preconditioning:       0.031 seconds


                    SOLUTION OF THE LINEAR SET OF EQUATIONS WITH SCALAGAU

               Condition number of the matrix:  7.71908E+03

               Floating point performance for LU decomposition:
                    Not determined since computation time too short

     CPU time for solving the linear set of equations:       0.094 seconds


                         DATA OF THE VOLTAGE SOURCE NO. 1

                    real part  imag. part   magnitude       phase
 Current   in A    1.8007E-02 -6.0744E-03  1.9004E-02      -18.64
 Admitt.   in A/V  1.8007E-02 -6.0744E-03  1.9004E-02      -18.64
 Impedance in Ohm  4.9860E+01  1.6820E+01  5.2621E+01       18.64
 Inductance  in H  1.0926E-09

                                   Power in Watt: 9.00348E-03


                              SCATTERING PARAMETERS

       ports                                        magnitude          phase 
    sink source     real part   imag. part      linear      in dB     in deg.
 S     1      1   2.62260E-02  1.64014E-01   1.66097E-01  -15.5928     80.92
         Sum |S|^2 of these S-parameters:    2.75883E-02  -15.5928
         Reference impedance in Ohm:  5.00000E+01




                              SUMMARY OF LOSSES

          Metallic elements:                          0.0000E+00 W
          Dielectric:                                 0.0000E+00 W
          Mismatch at feed:                           0.0000E+00 W
          Non-radiating networks:                     0.0000E+00 W
          Cables:                                     0.0000E+00 W
          Backward power at passive waveguide ports:  0.0000E+00 W
          Backward power at passive modal ports:      0.0000E+00 W
                                                     -------------
                Sum of all losses:                    0.0000E+00 W

          Efficiency of the antenna:                    100.0000 %
          (based on a total active power:             9.0035E-03 W)

 read from buffer:
NC       0    0    0    0    0 0.000E+00 0.000E+00 0.000E+00 0.000E+00 0.000E+00 0.000E+00 0.000E+00 0.000E+00
 read from buffer:
DA       0    0    0    0    0 0.000E+00 0.000E+00 0.000E+00 0.000E+00 0.000E+00 0.000E+00 0.000E+00 0.000E+00
 read from buffer:
OS       0    0    0    0    0 0.000E+00 0.000E+00 0.000E+00 0.000E+00 0.000E+00 0.000E+00 0.000E+00 0.000E+00


                              DATA FOR DIELECTRIC MEDIA

internal  relative     relative  conductivity   tan(delta)    tan(delta)    wavelength   mass density    volume     medium
index  permittivity permeability   in S/m       (electric)    (magnetic)       in m       in kg/m^3      in m^3
    0      1.00000      1.00000  0.00000E+00   0.00000E+00   0.00000E+00   1.21743E-01   1.00000E+03    infinite    0



                    EXCITATION BY VOLTAGE SOURCE AT SEGMENT

 Name:                        VoltageSource1
 Excitation index:            N = 1
 Frequency in Hz:             FREQ =    2.46250E+09
 Wavelength in m:             LAMBDA =  1.21743E-01
 Open circuit voltage in V:   |U0| =    1.00000E+00
 Phase in deg.:               ARG(U0) =        0.00
 Source at segment label:     ULA = Union1.Wire33.Port1
 Absolute number of segment:  UNR = 1
 Location of the excit. in m: X =  0.00000E+00
                              Y =  0.00000E+00
                              Z =  0.00000E+00
 Positive feed direction:     X =  0.00000E+00
                              Y =  1.00000E+00
                              Z =  0.00000E+00


                         DATA FOR THE GREEN'S FUNCTION

                                   free space


               All segments and triangles are perfectly conducting


               PRE-CONDITIONING OF THE LINEAR SET OF EQUATIONS

               Selected preconditioner algorithm: 1

     CPU time for preconditioning:       0.016 seconds


                    SOLUTION OF THE LINEAR SET OF EQUATIONS WITH SCALAGAU

               Condition number of the matrix:  7.40804E+03

               Floating point performance for LU decomposition:
                    Not determined since computation time too short

     CPU time for solving the linear set of equations:       0.109 seconds


                         DATA OF THE VOLTAGE SOURCE NO. 1

                    real part  imag. part   magnitude       phase
 Current   in A    1.6862E-02 -6.7737E-03  1.8172E-02      -21.89
 Admitt.   in A/V  1.6862E-02 -6.7737E-03  1.8172E-02      -21.89
 Impedance in Ohm  5.1065E+01  2.0513E+01  5.5031E+01       21.89
 Inductance  in H  1.3258E-09

                                   Power in Watt: 8.43094E-03


                              SCATTERING PARAMETERS

       ports                                        magnitude          phase 
    sink source     real part   imag. part      linear      in dB     in deg.
 S     1      1   4.96872E-02  1.92888E-01   1.99185E-01  -14.0149     75.55
         Sum |S|^2 of these S-parameters:    3.96747E-02  -14.0149
         Reference impedance in Ohm:  5.00000E+01




                              SUMMARY OF LOSSES

          Metallic elements:                          0.0000E+00 W
          Dielectric:                                 0.0000E+00 W
          Mismatch at feed:                           0.0000E+00 W
          Non-radiating networks:                     0.0000E+00 W
          Cables:                                     0.0000E+00 W
          Backward power at passive waveguide ports:  0.0000E+00 W
          Backward power at passive modal ports:      0.0000E+00 W
                                                     -------------
                Sum of all losses:                    0.0000E+00 W

          Efficiency of the antenna:                    100.0000 %
          (based on a total active power:             8.4309E-03 W)

 read from buffer:
NC       0    0    0    0    0 0.000E+00 0.000E+00 0.000E+00 0.000E+00 0.000E+00 0.000E+00 0.000E+00 0.000E+00
 read from buffer:
DA       0    0    0    0    0 0.000E+00 0.000E+00 0.000E+00 0.000E+00 0.000E+00 0.000E+00 0.000E+00 0.000E+00
 read from buffer:
OS       0    0    0    0    0 0.000E+00 0.000E+00 0.000E+00 0.000E+00 0.000E+00 0.000E+00 0.000E+00 0.000E+00


                              DATA FOR DIELECTRIC MEDIA

internal  relative     relative  conductivity   tan(delta)    tan(delta)    wavelength   mass density    volume     medium
index  permittivity permeability   in S/m       (electric)    (magnetic)       in m       in kg/m^3      in m^3
    0      1.00000      1.00000  0.00000E+00   0.00000E+00   0.00000E+00   1.21128E-01   1.00000E+03    infinite    0



                    EXCITATION BY VOLTAGE SOURCE AT SEGMENT

 Name:                        VoltageSource1
 Excitation index:            N = 1
 Frequency in Hz:             FREQ =    2.47500E+09
 Wavelength in m:             LAMBDA =  1.21128E-01
 Open circuit voltage in V:   |U0| =    1.00000E+00
 Phase in deg.:               ARG(U0) =        0.00
 Source at segment label:     ULA = Union1.Wire33.Port1
 Absolute number of segment:  UNR = 1
 Location of the excit. in m: X =  0.00000E+00
                              Y =  0.00000E+00
                              Z =  0.00000E+00
 Positive feed direction:     X =  0.00000E+00
                              Y =  1.00000E+00
                              Z =  0.00000E+00


                         DATA FOR THE GREEN'S FUNCTION

                                   free space


               All segments and triangles are perfectly conducting


               PRE-CONDITIONING OF THE LINEAR SET OF EQUATIONS

               Selected preconditioner algorithm: 1

     CPU time for preconditioning:       0.015 seconds


                    SOLUTION OF THE LINEAR SET OF EQUATIONS WITH SCALAGAU

               Condition number of the matrix:  7.09962E+03

               Floating point performance for LU decomposition:
                    Not determined since computation time too short

     CPU time for solving the linear set of equations:       0.109 seconds


                         DATA OF THE VOLTAGE SOURCE NO. 1

                    real part  imag. part   magnitude       phase
 Current   in A    1.5746E-02 -7.2825E-03  1.7349E-02      -24.82
 Admitt.   in A/V  1.5746E-02 -7.2825E-03  1.7349E-02      -24.82
 Impedance in Ohm  5.2317E+01  2.4197E+01  5.7642E+01       24.82
 Inductance  in H  1.5560E-09

                                   Power in Watt: 7.87300E-03


                              SCATTERING PARAMETERS

       ports                                        magnitude          phase 
    sink source     real part   imag. part      linear      in dB     in deg.
 S     1      1   7.44128E-02  2.18888E-01   2.31191E-01  -12.7206     71.22
         Sum |S|^2 of these S-parameters:    5.34492E-02  -12.7206
         Reference impedance in Ohm:  5.00000E+01




                              SUMMARY OF LOSSES

          Metallic elements:                          0.0000E+00 W
          Dielectric:                                 0.0000E+00 W
          Mismatch at feed:                           0.0000E+00 W
          Non-radiating networks:                     0.0000E+00 W
          Cables:                                     0.0000E+00 W
          Backward power at passive waveguide ports:  0.0000E+00 W
          Backward power at passive modal ports:      0.0000E+00 W
                                                     -------------
                Sum of all losses:                    0.0000E+00 W

          Efficiency of the antenna:                    100.0000 %
          (based on a total active power:             7.8730E-03 W)

 read from buffer:
NC       0    0    0    0    0 0.000E+00 0.000E+00 0.000E+00 0.000E+00 0.000E+00 0.000E+00 0.000E+00 0.000E+00
 read from buffer:
DA       0    0    0    0    0 0.000E+00 0.000E+00 0.000E+00 0.000E+00 0.000E+00 0.000E+00 0.000E+00 0.000E+00
 read from buffer:
OS       0    0    0    0    0 0.000E+00 0.000E+00 0.000E+00 0.000E+00 0.000E+00 0.000E+00 0.000E+00 0.000E+00


                              DATA FOR DIELECTRIC MEDIA

internal  relative     relative  conductivity   tan(delta)    tan(delta)    wavelength   mass density    volume     medium
index  permittivity permeability   in S/m       (electric)    (magnetic)       in m       in kg/m^3      in m^3
    0      1.00000      1.00000  0.00000E+00   0.00000E+00   0.00000E+00   1.20520E-01   1.00000E+03    infinite    0



                    EXCITATION BY VOLTAGE SOURCE AT SEGMENT

 Name:                        VoltageSource1
 Excitation index:            N = 1
 Frequency in Hz:             FREQ =    2.48750E+09
 Wavelength in m:             LAMBDA =  1.20520E-01
 Open circuit voltage in V:   |U0| =    1.00000E+00
 Phase in deg.:               ARG(U0) =        0.00
 Source at segment label:     ULA = Union1.Wire33.Port1
 Absolute number of segment:  UNR = 1
 Location of the excit. in m: X =  0.00000E+00
                              Y =  0.00000E+00
                              Z =  0.00000E+00
 Positive feed direction:     X =  0.00000E+00
                              Y =  1.00000E+00
                              Z =  0.00000E+00


                         DATA FOR THE GREEN'S FUNCTION

                                   free space


               All segments and triangles are perfectly conducting


               PRE-CONDITIONING OF THE LINEAR SET OF EQUATIONS

               Selected preconditioner algorithm: 1

     CPU time for preconditioning:       0.016 seconds


                    SOLUTION OF THE LINEAR SET OF EQUATIONS WITH SCALAGAU

               Condition number of the matrix:  6.79894E+03

               Floating point performance for LU decomposition:
                    Not determined since computation time too short

     CPU time for solving the linear set of equations:       0.093 seconds


                         DATA OF THE VOLTAGE SOURCE NO. 1

                    real part  imag. part   magnitude       phase
 Current   in A    1.4682E-02 -7.6320E-03  1.6548E-02      -27.47
 Admitt.   in A/V  1.4682E-02 -7.6320E-03  1.6548E-02      -27.47
 Impedance in Ohm  5.3621E+01  2.7872E+01  6.0432E+01       27.47
 Inductance  in H  1.7833E-09

                                   Power in Watt: 7.34120E-03


                              SCATTERING PARAMETERS

       ports                                        magnitude          phase 
    sink source     real part   imag. part      linear      in dB     in deg.
 S     1      1   1.00054E-01  2.42071E-01   2.61933E-01  -11.6362     67.54
         Sum |S|^2 of these S-parameters:    6.86090E-02  -11.6362
         Reference impedance in Ohm:  5.00000E+01




                              SUMMARY OF LOSSES

          Metallic elements:                          0.0000E+00 W
          Dielectric:                                 0.0000E+00 W
          Mismatch at feed:                           0.0000E+00 W
          Non-radiating networks:                     0.0000E+00 W
          Cables:                                     0.0000E+00 W
          Backward power at passive waveguide ports:  0.0000E+00 W
          Backward power at passive modal ports:      0.0000E+00 W
                                                     -------------
                Sum of all losses:                    0.0000E+00 W

          Efficiency of the antenna:                    100.0000 %
          (based on a total active power:             7.3412E-03 W)

 read from buffer:
NC       0    0    0    0    0 0.000E+00 0.000E+00 0.000E+00 0.000E+00 0.000E+00 0.000E+00 0.000E+00 0.000E+00
 read from buffer:
DA       0    0    0    0    0 0.000E+00 0.000E+00 0.000E+00 0.000E+00 0.000E+00 0.000E+00 0.000E+00 0.000E+00
 read from buffer:
OS       0    0    0    0    0 0.000E+00 0.000E+00 0.000E+00 0.000E+00 0.000E+00 0.000E+00 0.000E+00 0.000E+00


                              DATA FOR DIELECTRIC MEDIA

internal  relative     relative  conductivity   tan(delta)    tan(delta)    wavelength   mass density    volume     medium
index  permittivity permeability   in S/m       (electric)    (magnetic)       in m       in kg/m^3      in m^3
    0      1.00000      1.00000  0.00000E+00   0.00000E+00   0.00000E+00   1.19917E-01   1.00000E+03    infinite    0



                    EXCITATION BY VOLTAGE SOURCE AT SEGMENT

 Name:                        VoltageSource1
 Excitation index:            N = 1
 Frequency in Hz:             FREQ =    2.50000E+09
 Wavelength in m:             LAMBDA =  1.19917E-01
 Open circuit voltage in V:   |U0| =    1.00000E+00
 Phase in deg.:               ARG(U0) =        0.00
 Source at segment label:     ULA = Union1.Wire33.Port1
 Absolute number of segment:  UNR = 1
 Location of the excit. in m: X =  0.00000E+00
                              Y =  0.00000E+00
                              Z =  0.00000E+00
 Positive feed direction:     X =  0.00000E+00
                              Y =  1.00000E+00
                              Z =  0.00000E+00


                         DATA FOR THE GREEN'S FUNCTION

                                   free space


               All segments and triangles are perfectly conducting


               PRE-CONDITIONING OF THE LINEAR SET OF EQUATIONS

               Selected preconditioner algorithm: 1

     CPU time for preconditioning:       0.031 seconds


                    SOLUTION OF THE LINEAR SET OF EQUATIONS WITH SCALAGAU

               Condition number of the matrix:  6.50971E+03

               Floating point performance for LU decomposition:
                    Not determined since computation time too short

     CPU time for solving the linear set of equations:       0.078 seconds


                         DATA OF THE VOLTAGE SOURCE NO. 1

                    real part  imag. part   magnitude       phase
 Current   in A    1.3686E-02 -7.8514E-03  1.5778E-02      -29.84
 Admitt.   in A/V  1.3686E-02 -7.8514E-03  1.5778E-02      -29.84
 Impedance in Ohm  5.4975E+01  3.1539E+01  6.3380E+01       29.84
 Inductance  in H  2.0078E-09

                                   Power in Watt: 6.84285E-03


                              SCATTERING PARAMETERS

       ports                                        magnitude          phase 
    sink source     real part   imag. part      linear      in dB     in deg.
 S     1      1   1.26264E-01  2.62506E-01   2.91294E-01  -10.7134     64.31
         Sum |S|^2 of these S-parameters:    8.48520E-02  -10.7134
         Reference impedance in Ohm:  5.00000E+01




                              SUMMARY OF LOSSES

          Metallic elements:                          0.0000E+00 W
          Dielectric:                                 0.0000E+00 W
          Mismatch at feed:                           0.0000E+00 W
          Non-radiating networks:                     0.0000E+00 W
          Cables:                                     0.0000E+00 W
          Backward power at passive waveguide ports:  0.0000E+00 W
          Backward power at passive modal ports:      0.0000E+00 W
                                                     -------------
                Sum of all losses:                    0.0000E+00 W

          Efficiency of the antenna:                    100.0000 %
          (based on a total active power:             6.8428E-03 W)

 read from buffer:
EN       0    0    0    0    0 0.000E+00 0.000E+00 0.000E+00 0.000E+00 0.000E+00 0.000E+00 0.000E+00 0.000E+00


                    SUMMARY OF REQUIRED TIMES IN SECONDS

                                            CPU-time      runtime
 Reading and constructing the geometry         0.047        0.047
 Checking the geometry                         0.000        0.000
 Initialisation of the Green's function        0.000        0.000
 Calcul. of coupling for PO/Fock               0.000        0.000
 Ray-launching phase of GO                     0.000        0.000
 Calcul. of matrix elements                   62.979       62.980
 Calcul. of right-hand side vector             0.000        0.000
 Preconditioning system of linear eqns.        0.371        0.371
 Solution of the system of linear eqns.        2.436        2.436
 Eigensolution for characteristic modes        0.000        0.000
 Determination of surface currents             0.000        0.000
 Calcul. of impedances/powers/losses           0.982        0.981
 Calcul. of averaged SAR values                0.000        0.000
 Calcul. of power ideal receiving ant.         0.000        0.000
 Calcul. of cable coupling                     0.000        0.000
 Calcul. of error estimates                    0.000        0.000
 Calcul. of electric near field                0.000        0.000
 Calcul. of magnetic near field                0.000        0.000
 Calcul. of far field                          0.000        0.000
                            other              0.125        0.125
                                         -----------  -----------
                         total times:         66.940       66.940
               (total times in hours:          0.019        0.019)

 Specified CPU-times are referring to the master process only
 Sum of the CPU-times of all processes:      133.879 seconds (    0.037 hours)
 On average per process:                      66.940 seconds (    0.019 hours)

 Peak memory usage during the whole solution: 3.316 MByte
 (refers to the master process only)
 Sum of the peak memory of all processes:     6.248 MByte
 On average per process:                      3.124 MByte

Finished: 2018-05-03 20:57:09                     
